Compilation failed:
    source file: '/Users/leohsuinthehouse/Desktop/碩二上學期/Computer_Networks/project/Reference/OpenCV_c++/opencv/cmake/checks/cpu_popcnt.cpp'
    check option: ''
===== BUILD LOG =====
Change Dir: /Users/leohsuinthehouse/Desktop/碩二上學期/Computer_Networks/project/Reference/OpenCV_c++/build/CMakeFiles/CMakeTmp

Run Build Command(s):/usr/bin/make -f Makefile cmTC_0baa2/fast && /Applications/Xcode.app/Contents/Developer/usr/bin/make  -f CMakeFiles/cmTC_0baa2.dir/build.make CMakeFiles/cmTC_0baa2.dir/build
Building CXX object CMakeFiles/cmTC_0baa2.dir/cpu_popcnt.cpp.o
/Applications/Xcode.app/Contents/Developer/Toolchains/XcodeDefault.xctoolchain/usr/bin/c++   -O3 -DNDEBUG -arch x86_64 -isysroot /Applications/Xcode.app/Contents/Developer/Platforms/MacOSX.platform/Developer/SDKs/MacOSX13.1.sdk -fPIE -std=c++11 -MD -MT CMakeFiles/cmTC_0baa2.dir/cpu_popcnt.cpp.o -MF CMakeFiles/cmTC_0baa2.dir/cpu_popcnt.cpp.o.d -o CMakeFiles/cmTC_0baa2.dir/cpu_popcnt.cpp.o -c /Users/leohsuinthehouse/Desktop/碩二上學期/Computer_Networks/project/Reference/OpenCV_c++/opencv/cmake/checks/cpu_popcnt.cpp
/Users/leohsuinthehouse/Desktop/碩二上學期/Computer_Networks/project/Reference/OpenCV_c++/opencv/cmake/checks/cpu_popcnt.cpp:14:4: error: "__POPCNT__ is not defined by compiler"
#  error "__POPCNT__ is not defined by compiler"
   ^
/Users/leohsuinthehouse/Desktop/碩二上學期/Computer_Networks/project/Reference/OpenCV_c++/opencv/cmake/checks/cpu_popcnt.cpp:22:13: error: use of undeclared identifier 'CV_POPCNT_U32'
    int j = CV_POPCNT_U32(1);
            ^
2 errors generated.
make[1]: *** [CMakeFiles/cmTC_0baa2.dir/cpu_popcnt.cpp.o] Error 1
make: *** [cmTC_0baa2/fast] Error 2


===== END =====

Compilation failed:
    source file: '/Users/leohsuinthehouse/Desktop/碩二上學期/Computer_Networks/project/Reference/OpenCV_c++/opencv/cmake/checks/cpu_sse42.cpp'
    check option: ''
===== BUILD LOG =====
Change Dir: /Users/leohsuinthehouse/Desktop/碩二上學期/Computer_Networks/project/Reference/OpenCV_c++/build/CMakeFiles/CMakeTmp

Run Build Command(s):/usr/bin/make -f Makefile cmTC_bbd05/fast && /Applications/Xcode.app/Contents/Developer/usr/bin/make  -f CMakeFiles/cmTC_bbd05.dir/build.make CMakeFiles/cmTC_bbd05.dir/build
Building CXX object CMakeFiles/cmTC_bbd05.dir/cpu_sse42.cpp.o
/Applications/Xcode.app/Contents/Developer/Toolchains/XcodeDefault.xctoolchain/usr/bin/c++   -O3 -DNDEBUG -arch x86_64 -isysroot /Applications/Xcode.app/Contents/Developer/Platforms/MacOSX.platform/Developer/SDKs/MacOSX13.1.sdk -fPIE -std=c++11 -MD -MT CMakeFiles/cmTC_bbd05.dir/cpu_sse42.cpp.o -MF CMakeFiles/cmTC_bbd05.dir/cpu_sse42.cpp.o.d -o CMakeFiles/cmTC_bbd05.dir/cpu_sse42.cpp.o -c /Users/leohsuinthehouse/Desktop/碩二上學期/Computer_Networks/project/Reference/OpenCV_c++/opencv/cmake/checks/cpu_sse42.cpp
/Users/leohsuinthehouse/Desktop/碩二上學期/Computer_Networks/project/Reference/OpenCV_c++/opencv/cmake/checks/cpu_sse42.cpp:5:24: error: always_inline function '_mm_crc32_u8' requires target feature 'crc32', but would be inlined into function 'main' that is compiled without support for 'crc32'
    unsigned int res = _mm_crc32_u8(1, 2);
                       ^
1 error generated.
make[1]: *** [CMakeFiles/cmTC_bbd05.dir/cpu_sse42.cpp.o] Error 1
make: *** [cmTC_bbd05/fast] Error 2


===== END =====

Compilation failed:
    source file: '/Users/leohsuinthehouse/Desktop/碩二上學期/Computer_Networks/project/Reference/OpenCV_c++/opencv/cmake/checks/cpu_fp16.cpp'
    check option: ''
===== BUILD LOG =====
Change Dir: /Users/leohsuinthehouse/Desktop/碩二上學期/Computer_Networks/project/Reference/OpenCV_c++/build/CMakeFiles/CMakeTmp

Run Build Command(s):/usr/bin/make -f Makefile cmTC_686e6/fast && /Applications/Xcode.app/Contents/Developer/usr/bin/make  -f CMakeFiles/cmTC_686e6.dir/build.make CMakeFiles/cmTC_686e6.dir/build
Building CXX object CMakeFiles/cmTC_686e6.dir/cpu_fp16.cpp.o
/Applications/Xcode.app/Contents/Developer/Toolchains/XcodeDefault.xctoolchain/usr/bin/c++   -O3 -DNDEBUG -arch x86_64 -isysroot /Applications/Xcode.app/Contents/Developer/Platforms/MacOSX.platform/Developer/SDKs/MacOSX13.1.sdk -fPIE -std=c++11 -MD -MT CMakeFiles/cmTC_686e6.dir/cpu_fp16.cpp.o -MF CMakeFiles/cmTC_686e6.dir/cpu_fp16.cpp.o.d -o CMakeFiles/cmTC_686e6.dir/cpu_fp16.cpp.o -c /Users/leohsuinthehouse/Desktop/碩二上學期/Computer_Networks/project/Reference/OpenCV_c++/opencv/cmake/checks/cpu_fp16.cpp
/Users/leohsuinthehouse/Desktop/碩二上學期/Computer_Networks/project/Reference/OpenCV_c++/opencv/cmake/checks/cpu_fp16.cpp:26:2: error: "FP16 is not supported"
#error "FP16 is not supported"
 ^
/Users/leohsuinthehouse/Desktop/碩二上學期/Computer_Networks/project/Reference/OpenCV_c++/opencv/cmake/checks/cpu_fp16.cpp:31:18: error: use of undeclared identifier 'test'
  printf("%d\n", test());
                 ^
2 errors generated.
make[1]: *** [CMakeFiles/cmTC_686e6.dir/cpu_fp16.cpp.o] Error 1
make: *** [cmTC_686e6/fast] Error 2


===== END =====

Compilation failed:
    source file: '/Users/leohsuinthehouse/Desktop/碩二上學期/Computer_Networks/project/Reference/OpenCV_c++/opencv/cmake/checks/cpu_avx.cpp'
    check option: ''
===== BUILD LOG =====
Change Dir: /Users/leohsuinthehouse/Desktop/碩二上學期/Computer_Networks/project/Reference/OpenCV_c++/build/CMakeFiles/CMakeTmp

Run Build Command(s):/usr/bin/make -f Makefile cmTC_45c2b/fast && /Applications/Xcode.app/Contents/Developer/usr/bin/make  -f CMakeFiles/cmTC_45c2b.dir/build.make CMakeFiles/cmTC_45c2b.dir/build
Building CXX object CMakeFiles/cmTC_45c2b.dir/cpu_avx.cpp.o
/Applications/Xcode.app/Contents/Developer/Toolchains/XcodeDefault.xctoolchain/usr/bin/c++   -O3 -DNDEBUG -arch x86_64 -isysroot /Applications/Xcode.app/Contents/Developer/Platforms/MacOSX.platform/Developer/SDKs/MacOSX13.1.sdk -fPIE -std=c++11 -MD -MT CMakeFiles/cmTC_45c2b.dir/cpu_avx.cpp.o -MF CMakeFiles/cmTC_45c2b.dir/cpu_avx.cpp.o.d -o CMakeFiles/cmTC_45c2b.dir/cpu_avx.cpp.o -c /Users/leohsuinthehouse/Desktop/碩二上學期/Computer_Networks/project/Reference/OpenCV_c++/opencv/cmake/checks/cpu_avx.cpp
/Users/leohsuinthehouse/Desktop/碩二上學期/Computer_Networks/project/Reference/OpenCV_c++/opencv/cmake/checks/cpu_avx.cpp:2:2: error: "__AVX__ define is missing"
#error "__AVX__ define is missing"
 ^
1 error generated.
make[1]: *** [CMakeFiles/cmTC_45c2b.dir/cpu_avx.cpp.o] Error 1
make: *** [cmTC_45c2b/fast] Error 2


===== END =====

Compilation failed:
    source file: '/Users/leohsuinthehouse/Desktop/碩二上學期/Computer_Networks/project/Reference/OpenCV_c++/opencv/cmake/checks/cpu_avx2.cpp'
    check option: ''
===== BUILD LOG =====
Change Dir: /Users/leohsuinthehouse/Desktop/碩二上學期/Computer_Networks/project/Reference/OpenCV_c++/build/CMakeFiles/CMakeTmp

Run Build Command(s):/usr/bin/make -f Makefile cmTC_24826/fast && /Applications/Xcode.app/Contents/Developer/usr/bin/make  -f CMakeFiles/cmTC_24826.dir/build.make CMakeFiles/cmTC_24826.dir/build
Building CXX object CMakeFiles/cmTC_24826.dir/cpu_avx2.cpp.o
/Applications/Xcode.app/Contents/Developer/Toolchains/XcodeDefault.xctoolchain/usr/bin/c++   -O3 -DNDEBUG -arch x86_64 -isysroot /Applications/Xcode.app/Contents/Developer/Platforms/MacOSX.platform/Developer/SDKs/MacOSX13.1.sdk -fPIE -std=c++11 -MD -MT CMakeFiles/cmTC_24826.dir/cpu_avx2.cpp.o -MF CMakeFiles/cmTC_24826.dir/cpu_avx2.cpp.o.d -o CMakeFiles/cmTC_24826.dir/cpu_avx2.cpp.o -c /Users/leohsuinthehouse/Desktop/碩二上學期/Computer_Networks/project/Reference/OpenCV_c++/opencv/cmake/checks/cpu_avx2.cpp
/Users/leohsuinthehouse/Desktop/碩二上學期/Computer_Networks/project/Reference/OpenCV_c++/opencv/cmake/checks/cpu_avx2.cpp:2:2: error: "__AVX2__ define is missing"
#error "__AVX2__ define is missing"
 ^
1 error generated.
make[1]: *** [CMakeFiles/cmTC_24826.dir/cpu_avx2.cpp.o] Error 1
make: *** [cmTC_24826/fast] Error 2


===== END =====

Compilation failed:
    source file: '/Users/leohsuinthehouse/Desktop/碩二上學期/Computer_Networks/project/Reference/OpenCV_c++/opencv/cmake/checks/cpu_avx512.cpp'
    check option: ''
===== BUILD LOG =====
Change Dir: /Users/leohsuinthehouse/Desktop/碩二上學期/Computer_Networks/project/Reference/OpenCV_c++/build/CMakeFiles/CMakeTmp

Run Build Command(s):/usr/bin/make -f Makefile cmTC_66287/fast && /Applications/Xcode.app/Contents/Developer/usr/bin/make  -f CMakeFiles/cmTC_66287.dir/build.make CMakeFiles/cmTC_66287.dir/build
Building CXX object CMakeFiles/cmTC_66287.dir/cpu_avx512.cpp.o
/Applications/Xcode.app/Contents/Developer/Toolchains/XcodeDefault.xctoolchain/usr/bin/c++   -O3 -DNDEBUG -arch x86_64 -isysroot /Applications/Xcode.app/Contents/Developer/Platforms/MacOSX.platform/Developer/SDKs/MacOSX13.1.sdk -fPIE -std=c++11 -MD -MT CMakeFiles/cmTC_66287.dir/cpu_avx512.cpp.o -MF CMakeFiles/cmTC_66287.dir/cpu_avx512.cpp.o.d -o CMakeFiles/cmTC_66287.dir/cpu_avx512.cpp.o -c /Users/leohsuinthehouse/Desktop/碩二上學期/Computer_Networks/project/Reference/OpenCV_c++/opencv/cmake/checks/cpu_avx512.cpp
/Users/leohsuinthehouse/Desktop/碩二上學期/Computer_Networks/project/Reference/OpenCV_c++/opencv/cmake/checks/cpu_avx512.cpp:11:2: error: "AVX512 is not supported"
#error "AVX512 is not supported"
 ^
1 error generated.
make[1]: *** [CMakeFiles/cmTC_66287.dir/cpu_avx512.cpp.o] Error 1
make: *** [cmTC_66287/fast] Error 2


===== END =====

Compilation failed:
    source file: '/Users/leohsuinthehouse/Desktop/碩二上學期/Computer_Networks/project/Reference/OpenCV_c++/opencv/cmake/checks/cpu_avx512common.cpp'
    check option: ''
===== BUILD LOG =====
Change Dir: /Users/leohsuinthehouse/Desktop/碩二上學期/Computer_Networks/project/Reference/OpenCV_c++/build/CMakeFiles/CMakeTmp

Run Build Command(s):/usr/bin/make -f Makefile cmTC_0ea78/fast && /Applications/Xcode.app/Contents/Developer/usr/bin/make  -f CMakeFiles/cmTC_0ea78.dir/build.make CMakeFiles/cmTC_0ea78.dir/build
Building CXX object CMakeFiles/cmTC_0ea78.dir/cpu_avx512common.cpp.o
/Applications/Xcode.app/Contents/Developer/Toolchains/XcodeDefault.xctoolchain/usr/bin/c++   -O3 -DNDEBUG -arch x86_64 -isysroot /Applications/Xcode.app/Contents/Developer/Platforms/MacOSX.platform/Developer/SDKs/MacOSX13.1.sdk -fPIE -std=c++11 -MD -MT CMakeFiles/cmTC_0ea78.dir/cpu_avx512common.cpp.o -MF CMakeFiles/cmTC_0ea78.dir/cpu_avx512common.cpp.o.d -o CMakeFiles/cmTC_0ea78.dir/cpu_avx512common.cpp.o -c /Users/leohsuinthehouse/Desktop/碩二上學期/Computer_Networks/project/Reference/OpenCV_c++/opencv/cmake/checks/cpu_avx512common.cpp
/Users/leohsuinthehouse/Desktop/碩二上學期/Computer_Networks/project/Reference/OpenCV_c++/opencv/cmake/checks/cpu_avx512common.cpp:12:2: error: "AVX512-COMMON is not supported"
#error "AVX512-COMMON is not supported"
 ^
1 error generated.
make[1]: *** [CMakeFiles/cmTC_0ea78.dir/cpu_avx512common.cpp.o] Error 1
make: *** [cmTC_0ea78/fast] Error 2


===== END =====

Compilation failed:
    source file: '/Users/leohsuinthehouse/Desktop/碩二上學期/Computer_Networks/project/Reference/OpenCV_c++/opencv/cmake/checks/cpu_avx512knl.cpp'
    check option: ''
===== BUILD LOG =====
Change Dir: /Users/leohsuinthehouse/Desktop/碩二上學期/Computer_Networks/project/Reference/OpenCV_c++/build/CMakeFiles/CMakeTmp

Run Build Command(s):/usr/bin/make -f Makefile cmTC_fa7f5/fast && /Applications/Xcode.app/Contents/Developer/usr/bin/make  -f CMakeFiles/cmTC_fa7f5.dir/build.make CMakeFiles/cmTC_fa7f5.dir/build
Building CXX object CMakeFiles/cmTC_fa7f5.dir/cpu_avx512knl.cpp.o
/Applications/Xcode.app/Contents/Developer/Toolchains/XcodeDefault.xctoolchain/usr/bin/c++   -O3 -DNDEBUG -arch x86_64 -isysroot /Applications/Xcode.app/Contents/Developer/Platforms/MacOSX.platform/Developer/SDKs/MacOSX13.1.sdk -fPIE -std=c++11 -MD -MT CMakeFiles/cmTC_fa7f5.dir/cpu_avx512knl.cpp.o -MF CMakeFiles/cmTC_fa7f5.dir/cpu_avx512knl.cpp.o.d -o CMakeFiles/cmTC_fa7f5.dir/cpu_avx512knl.cpp.o -c /Users/leohsuinthehouse/Desktop/碩二上學期/Computer_Networks/project/Reference/OpenCV_c++/opencv/cmake/checks/cpu_avx512knl.cpp
/Users/leohsuinthehouse/Desktop/碩二上學期/Computer_Networks/project/Reference/OpenCV_c++/opencv/cmake/checks/cpu_avx512knl.cpp:14:2: error: "AVX512-KNL is not supported"
#error "AVX512-KNL is not supported"
 ^
1 error generated.
make[1]: *** [CMakeFiles/cmTC_fa7f5.dir/cpu_avx512knl.cpp.o] Error 1
make: *** [cmTC_fa7f5/fast] Error 2


===== END =====

Compilation failed:
    source file: '/Users/leohsuinthehouse/Desktop/碩二上學期/Computer_Networks/project/Reference/OpenCV_c++/opencv/cmake/checks/cpu_avx512knm.cpp'
    check option: ''
===== BUILD LOG =====
Change Dir: /Users/leohsuinthehouse/Desktop/碩二上學期/Computer_Networks/project/Reference/OpenCV_c++/build/CMakeFiles/CMakeTmp

Run Build Command(s):/usr/bin/make -f Makefile cmTC_f4e4f/fast && /Applications/Xcode.app/Contents/Developer/usr/bin/make  -f CMakeFiles/cmTC_f4e4f.dir/build.make CMakeFiles/cmTC_f4e4f.dir/build
Building CXX object CMakeFiles/cmTC_f4e4f.dir/cpu_avx512knm.cpp.o
/Applications/Xcode.app/Contents/Developer/Toolchains/XcodeDefault.xctoolchain/usr/bin/c++   -O3 -DNDEBUG -arch x86_64 -isysroot /Applications/Xcode.app/Contents/Developer/Platforms/MacOSX.platform/Developer/SDKs/MacOSX13.1.sdk -fPIE -std=c++11 -MD -MT CMakeFiles/cmTC_f4e4f.dir/cpu_avx512knm.cpp.o -MF CMakeFiles/cmTC_f4e4f.dir/cpu_avx512knm.cpp.o.d -o CMakeFiles/cmTC_f4e4f.dir/cpu_avx512knm.cpp.o -c /Users/leohsuinthehouse/Desktop/碩二上學期/Computer_Networks/project/Reference/OpenCV_c++/opencv/cmake/checks/cpu_avx512knm.cpp
/Users/leohsuinthehouse/Desktop/碩二上學期/Computer_Networks/project/Reference/OpenCV_c++/opencv/cmake/checks/cpu_avx512knm.cpp:15:2: error: "AVX512-KNM is not supported"
#error "AVX512-KNM is not supported"
 ^
1 error generated.
make[1]: *** [CMakeFiles/cmTC_f4e4f.dir/cpu_avx512knm.cpp.o] Error 1
make: *** [cmTC_f4e4f/fast] Error 2


===== END =====

Compilation failed:
    source file: '/Users/leohsuinthehouse/Desktop/碩二上學期/Computer_Networks/project/Reference/OpenCV_c++/opencv/cmake/checks/cpu_avx512knm.cpp'
    check option: ' -mavx512f -mavx512cd -mavx512er -mavx512pf -mavx5124fmaps -mavx5124vnniw -mavx512vpopcntdq'
===== BUILD LOG =====
Change Dir: /Users/leohsuinthehouse/Desktop/碩二上學期/Computer_Networks/project/Reference/OpenCV_c++/build/CMakeFiles/CMakeTmp

Run Build Command(s):/usr/bin/make -f Makefile cmTC_0d31c/fast && /Applications/Xcode.app/Contents/Developer/usr/bin/make  -f CMakeFiles/cmTC_0d31c.dir/build.make CMakeFiles/cmTC_0d31c.dir/build
Building CXX object CMakeFiles/cmTC_0d31c.dir/cpu_avx512knm.cpp.o
/Applications/Xcode.app/Contents/Developer/Toolchains/XcodeDefault.xctoolchain/usr/bin/c++   -O3 -DNDEBUG -arch x86_64 -isysroot /Applications/Xcode.app/Contents/Developer/Platforms/MacOSX.platform/Developer/SDKs/MacOSX13.1.sdk -fPIE    -mavx512f -mavx512cd -mavx512er -mavx512pf -mavx5124fmaps -mavx5124vnniw -mavx512vpopcntdq -std=c++11 -MD -MT CMakeFiles/cmTC_0d31c.dir/cpu_avx512knm.cpp.o -MF CMakeFiles/cmTC_0d31c.dir/cpu_avx512knm.cpp.o.d -o CMakeFiles/cmTC_0d31c.dir/cpu_avx512knm.cpp.o -c /Users/leohsuinthehouse/Desktop/碩二上學期/Computer_Networks/project/Reference/OpenCV_c++/opencv/cmake/checks/cpu_avx512knm.cpp
clang: error: unknown argument: '-mavx5124fmaps'
clang: error: unknown argument: '-mavx5124vnniw'
make[1]: *** [CMakeFiles/cmTC_0d31c.dir/cpu_avx512knm.cpp.o] Error 1
make: *** [cmTC_0d31c/fast] Error 2


===== END =====

Compilation failed:
    source file: '/Users/leohsuinthehouse/Desktop/碩二上學期/Computer_Networks/project/Reference/OpenCV_c++/opencv/cmake/checks/cpu_avx512skx.cpp'
    check option: ''
===== BUILD LOG =====
Change Dir: /Users/leohsuinthehouse/Desktop/碩二上學期/Computer_Networks/project/Reference/OpenCV_c++/build/CMakeFiles/CMakeTmp

Run Build Command(s):/usr/bin/make -f Makefile cmTC_2de15/fast && /Applications/Xcode.app/Contents/Developer/usr/bin/make  -f CMakeFiles/cmTC_2de15.dir/build.make CMakeFiles/cmTC_2de15.dir/build
Building CXX object CMakeFiles/cmTC_2de15.dir/cpu_avx512skx.cpp.o
/Applications/Xcode.app/Contents/Developer/Toolchains/XcodeDefault.xctoolchain/usr/bin/c++   -O3 -DNDEBUG -arch x86_64 -isysroot /Applications/Xcode.app/Contents/Developer/Platforms/MacOSX.platform/Developer/SDKs/MacOSX13.1.sdk -fPIE -std=c++11 -MD -MT CMakeFiles/cmTC_2de15.dir/cpu_avx512skx.cpp.o -MF CMakeFiles/cmTC_2de15.dir/cpu_avx512skx.cpp.o.d -o CMakeFiles/cmTC_2de15.dir/cpu_avx512skx.cpp.o -c /Users/leohsuinthehouse/Desktop/碩二上學期/Computer_Networks/project/Reference/OpenCV_c++/opencv/cmake/checks/cpu_avx512skx.cpp
/Users/leohsuinthehouse/Desktop/碩二上學期/Computer_Networks/project/Reference/OpenCV_c++/opencv/cmake/checks/cpu_avx512skx.cpp:30:2: error: "AVX512-SKX is not supported"
#error "AVX512-SKX is not supported"
 ^
1 error generated.
make[1]: *** [CMakeFiles/cmTC_2de15.dir/cpu_avx512skx.cpp.o] Error 1
make: *** [cmTC_2de15/fast] Error 2


===== END =====

Compilation failed:
    source file: '/Users/leohsuinthehouse/Desktop/碩二上學期/Computer_Networks/project/Reference/OpenCV_c++/opencv/cmake/checks/cpu_avx512cnl.cpp'
    check option: ''
===== BUILD LOG =====
Change Dir: /Users/leohsuinthehouse/Desktop/碩二上學期/Computer_Networks/project/Reference/OpenCV_c++/build/CMakeFiles/CMakeTmp

Run Build Command(s):/usr/bin/make -f Makefile cmTC_3b0f8/fast && /Applications/Xcode.app/Contents/Developer/usr/bin/make  -f CMakeFiles/cmTC_3b0f8.dir/build.make CMakeFiles/cmTC_3b0f8.dir/build
Building CXX object CMakeFiles/cmTC_3b0f8.dir/cpu_avx512cnl.cpp.o
/Applications/Xcode.app/Contents/Developer/Toolchains/XcodeDefault.xctoolchain/usr/bin/c++   -O3 -DNDEBUG -arch x86_64 -isysroot /Applications/Xcode.app/Contents/Developer/Platforms/MacOSX.platform/Developer/SDKs/MacOSX13.1.sdk -fPIE -std=c++11 -MD -MT CMakeFiles/cmTC_3b0f8.dir/cpu_avx512cnl.cpp.o -MF CMakeFiles/cmTC_3b0f8.dir/cpu_avx512cnl.cpp.o.d -o CMakeFiles/cmTC_3b0f8.dir/cpu_avx512cnl.cpp.o -c /Users/leohsuinthehouse/Desktop/碩二上學期/Computer_Networks/project/Reference/OpenCV_c++/opencv/cmake/checks/cpu_avx512cnl.cpp
/Users/leohsuinthehouse/Desktop/碩二上學期/Computer_Networks/project/Reference/OpenCV_c++/opencv/cmake/checks/cpu_avx512cnl.cpp:10:2: error: "AVX512-CNL is not supported"
#error "AVX512-CNL is not supported"
 ^
1 error generated.
make[1]: *** [CMakeFiles/cmTC_3b0f8.dir/cpu_avx512cnl.cpp.o] Error 1
make: *** [cmTC_3b0f8/fast] Error 2


===== END =====

Compilation failed:
    source file: '/Users/leohsuinthehouse/Desktop/碩二上學期/Computer_Networks/project/Reference/OpenCV_c++/opencv/cmake/checks/cpu_avx512clx.cpp'
    check option: ''
===== BUILD LOG =====
Change Dir: /Users/leohsuinthehouse/Desktop/碩二上學期/Computer_Networks/project/Reference/OpenCV_c++/build/CMakeFiles/CMakeTmp

Run Build Command(s):/usr/bin/make -f Makefile cmTC_3ecfe/fast && /Applications/Xcode.app/Contents/Developer/usr/bin/make  -f CMakeFiles/cmTC_3ecfe.dir/build.make CMakeFiles/cmTC_3ecfe.dir/build
Building CXX object CMakeFiles/cmTC_3ecfe.dir/cpu_avx512clx.cpp.o
/Applications/Xcode.app/Contents/Developer/Toolchains/XcodeDefault.xctoolchain/usr/bin/c++   -O3 -DNDEBUG -arch x86_64 -isysroot /Applications/Xcode.app/Contents/Developer/Platforms/MacOSX.platform/Developer/SDKs/MacOSX13.1.sdk -fPIE -std=c++11 -MD -MT CMakeFiles/cmTC_3ecfe.dir/cpu_avx512clx.cpp.o -MF CMakeFiles/cmTC_3ecfe.dir/cpu_avx512clx.cpp.o.d -o CMakeFiles/cmTC_3ecfe.dir/cpu_avx512clx.cpp.o -c /Users/leohsuinthehouse/Desktop/碩二上學期/Computer_Networks/project/Reference/OpenCV_c++/opencv/cmake/checks/cpu_avx512clx.cpp
/Users/leohsuinthehouse/Desktop/碩二上學期/Computer_Networks/project/Reference/OpenCV_c++/opencv/cmake/checks/cpu_avx512clx.cpp:9:2: error: "AVX512-CLX is not supported"
#error "AVX512-CLX is not supported"
 ^
1 error generated.
make[1]: *** [CMakeFiles/cmTC_3ecfe.dir/cpu_avx512clx.cpp.o] Error 1
make: *** [cmTC_3ecfe/fast] Error 2


===== END =====

Compilation failed:
    source file: '/Users/leohsuinthehouse/Desktop/碩二上學期/Computer_Networks/project/Reference/OpenCV_c++/opencv/cmake/checks/cpu_avx512icl.cpp'
    check option: ''
===== BUILD LOG =====
Change Dir: /Users/leohsuinthehouse/Desktop/碩二上學期/Computer_Networks/project/Reference/OpenCV_c++/build/CMakeFiles/CMakeTmp

Run Build Command(s):/usr/bin/make -f Makefile cmTC_e34d2/fast && /Applications/Xcode.app/Contents/Developer/usr/bin/make  -f CMakeFiles/cmTC_e34d2.dir/build.make CMakeFiles/cmTC_e34d2.dir/build
Building CXX object CMakeFiles/cmTC_e34d2.dir/cpu_avx512icl.cpp.o
/Applications/Xcode.app/Contents/Developer/Toolchains/XcodeDefault.xctoolchain/usr/bin/c++   -O3 -DNDEBUG -arch x86_64 -isysroot /Applications/Xcode.app/Contents/Developer/Platforms/MacOSX.platform/Developer/SDKs/MacOSX13.1.sdk -fPIE -std=c++11 -MD -MT CMakeFiles/cmTC_e34d2.dir/cpu_avx512icl.cpp.o -MF CMakeFiles/cmTC_e34d2.dir/cpu_avx512icl.cpp.o.d -o CMakeFiles/cmTC_e34d2.dir/cpu_avx512icl.cpp.o -c /Users/leohsuinthehouse/Desktop/碩二上學期/Computer_Networks/project/Reference/OpenCV_c++/opencv/cmake/checks/cpu_avx512icl.cpp
/Users/leohsuinthehouse/Desktop/碩二上學期/Computer_Networks/project/Reference/OpenCV_c++/opencv/cmake/checks/cpu_avx512icl.cpp:12:2: error: "AVX512-ICL is not supported"
#error "AVX512-ICL is not supported"
 ^
1 error generated.
make[1]: *** [CMakeFiles/cmTC_e34d2.dir/cpu_avx512icl.cpp.o] Error 1
make: *** [cmTC_e34d2/fast] Error 2


===== END =====

Compilation failed:
    source file: '/Users/leohsuinthehouse/Desktop/碩二上學期/Computer_Networks/project/Reference/OpenCV_c++/build/CMakeFiles/CMakeTmp/src.cxx'
    check option: ''
===== BUILD LOG =====
Change Dir: /Users/leohsuinthehouse/Desktop/碩二上學期/Computer_Networks/project/Reference/OpenCV_c++/build/CMakeFiles/CMakeTmp

Run Build Command(s):/usr/bin/make -f Makefile cmTC_83dbc/fast && /Applications/Xcode.app/Contents/Developer/usr/bin/make  -f CMakeFiles/cmTC_83dbc.dir/build.make CMakeFiles/cmTC_83dbc.dir/build
Building CXX object CMakeFiles/cmTC_83dbc.dir/src.cxx.o
/Applications/Xcode.app/Contents/Developer/Toolchains/XcodeDefault.xctoolchain/usr/bin/c++   -O3 -DNDEBUG -arch x86_64 -isysroot /Applications/Xcode.app/Contents/Developer/Platforms/MacOSX.platform/Developer/SDKs/MacOSX13.1.sdk -fPIE -std=c++11 -MD -MT CMakeFiles/cmTC_83dbc.dir/src.cxx.o -MF CMakeFiles/cmTC_83dbc.dir/src.cxx.o.d -o CMakeFiles/cmTC_83dbc.dir/src.cxx.o -c /Users/leohsuinthehouse/Desktop/碩二上學期/Computer_Networks/project/Reference/OpenCV_c++/build/CMakeFiles/CMakeTmp/src.cxx
Linking CXX executable cmTC_83dbc
/usr/local/Cellar/cmake/3.25.1/bin/cmake -E cmake_link_script CMakeFiles/cmTC_83dbc.dir/link.txt --verbose=1
/Applications/Xcode.app/Contents/Developer/Toolchains/XcodeDefault.xctoolchain/usr/bin/c++ -O3 -DNDEBUG -arch x86_64 -isysroot /Applications/Xcode.app/Contents/Developer/Platforms/MacOSX.platform/Developer/SDKs/MacOSX13.1.sdk -Wl,-search_paths_first -Wl,-headerpad_max_install_names  -Wl,--as-needed  CMakeFiles/cmTC_83dbc.dir/src.cxx.o -o cmTC_83dbc 
ld: unknown option: --as-needed
clang: error: linker command failed with exit code 1 (use -v to see invocation)
make[1]: *** [cmTC_83dbc] Error 1
make: *** [cmTC_83dbc/fast] Error 2


===== END =====

Compilation failed:
    source file: '/Users/leohsuinthehouse/Desktop/碩二上學期/Computer_Networks/project/Reference/OpenCV_c++/build/CMakeFiles/CMakeTmp/src.cxx'
    check option: ''
===== BUILD LOG =====
Change Dir: /Users/leohsuinthehouse/Desktop/碩二上學期/Computer_Networks/project/Reference/OpenCV_c++/build/CMakeFiles/CMakeTmp

Run Build Command(s):/usr/bin/make -f Makefile cmTC_91ff1/fast && /Applications/Xcode.app/Contents/Developer/usr/bin/make  -f CMakeFiles/cmTC_91ff1.dir/build.make CMakeFiles/cmTC_91ff1.dir/build
Building CXX object CMakeFiles/cmTC_91ff1.dir/src.cxx.o
/Applications/Xcode.app/Contents/Developer/Toolchains/XcodeDefault.xctoolchain/usr/bin/c++   -O3 -DNDEBUG -arch x86_64 -isysroot /Applications/Xcode.app/Contents/Developer/Platforms/MacOSX.platform/Developer/SDKs/MacOSX13.1.sdk -fPIE -std=c++11 -MD -MT CMakeFiles/cmTC_91ff1.dir/src.cxx.o -MF CMakeFiles/cmTC_91ff1.dir/src.cxx.o.d -o CMakeFiles/cmTC_91ff1.dir/src.cxx.o -c /Users/leohsuinthehouse/Desktop/碩二上學期/Computer_Networks/project/Reference/OpenCV_c++/build/CMakeFiles/CMakeTmp/src.cxx
Linking CXX executable cmTC_91ff1
/usr/local/Cellar/cmake/3.25.1/bin/cmake -E cmake_link_script CMakeFiles/cmTC_91ff1.dir/link.txt --verbose=1
/Applications/Xcode.app/Contents/Developer/Toolchains/XcodeDefault.xctoolchain/usr/bin/c++ -O3 -DNDEBUG -arch x86_64 -isysroot /Applications/Xcode.app/Contents/Developer/Platforms/MacOSX.platform/Developer/SDKs/MacOSX13.1.sdk -Wl,-search_paths_first -Wl,-headerpad_max_install_names  -Wl,--no-undefined  CMakeFiles/cmTC_91ff1.dir/src.cxx.o -o cmTC_91ff1 
ld: unknown option: --no-undefined
clang: error: linker command failed with exit code 1 (use -v to see invocation)
make[1]: *** [cmTC_91ff1] Error 1
make: *** [cmTC_91ff1/fast] Error 2


===== END =====

Determining if the include file malloc.h exists failed with the following output:
Change Dir: /Users/leohsuinthehouse/Desktop/碩二上學期/Computer_Networks/project/Reference/OpenCV_c++/build/CMakeFiles/CMakeScratch/TryCompile-J4PpNw

Run Build Command(s):/usr/bin/make -f Makefile cmTC_80290/fast && /Applications/Xcode.app/Contents/Developer/usr/bin/make  -f CMakeFiles/cmTC_80290.dir/build.make CMakeFiles/cmTC_80290.dir/build
Building C object CMakeFiles/cmTC_80290.dir/CheckIncludeFile.c.o
/Applications/Xcode.app/Contents/Developer/Toolchains/XcodeDefault.xctoolchain/usr/bin/cc   -fsigned-char -W -Wall -Wreturn-type -Wnon-virtual-dtor -Waddress -Wsequence-point -Wformat -Wformat-security -Wmissing-declarations -Wmissing-prototypes -Wstrict-prototypes -Wundef -Winit-self -Wpointer-arith -Wshadow -Wsign-promo -Wuninitialized -Wno-delete-non-virtual-dtor -Wno-unnamed-type-template-args -Wno-comment -fdiagnostics-show-option -Wno-long-long -Qunused-arguments -Wno-semicolon-before-method-body -ffunction-sections -fdata-sections  -fvisibility=hidden -fvisibility-inlines-hidden  -O3 -DNDEBUG  -DNDEBUG -arch x86_64 -isysroot /Applications/Xcode.app/Contents/Developer/Platforms/MacOSX.platform/Developer/SDKs/MacOSX13.1.sdk -fPIE -MD -MT CMakeFiles/cmTC_80290.dir/CheckIncludeFile.c.o -MF CMakeFiles/cmTC_80290.dir/CheckIncludeFile.c.o.d -o CMakeFiles/cmTC_80290.dir/CheckIncludeFile.c.o -c /Users/leohsuinthehouse/Desktop/碩二上學期/Computer_Networks/project/Reference/OpenCV_c++/build/CMakeFiles/CMakeScratch/TryCompile-J4PpNw/CheckIncludeFile.c
/Users/leohsuinthehouse/Desktop/碩二上學期/Computer_Networks/project/Reference/OpenCV_c++/build/CMakeFiles/CMakeScratch/TryCompile-J4PpNw/CheckIncludeFile.c:1:10: fatal error: 'malloc.h' file not found
#include <malloc.h>
         ^~~~~~~~~~
1 error generated.
make[1]: *** [CMakeFiles/cmTC_80290.dir/CheckIncludeFile.c.o] Error 1
make: *** [cmTC_80290/fast] Error 2



Determining size of off64_t failed with the following output:
Change Dir: /Users/leohsuinthehouse/Desktop/碩二上學期/Computer_Networks/project/Reference/OpenCV_c++/build/CMakeFiles/CMakeScratch/TryCompile-o8op4y

Run Build Command(s):/usr/bin/make -f Makefile cmTC_2b927/fast && /Applications/Xcode.app/Contents/Developer/usr/bin/make  -f CMakeFiles/cmTC_2b927.dir/build.make CMakeFiles/cmTC_2b927.dir/build
Building C object CMakeFiles/cmTC_2b927.dir/OFF64_T.c.o
/Applications/Xcode.app/Contents/Developer/Toolchains/XcodeDefault.xctoolchain/usr/bin/cc   -fsigned-char -W -Wall -Wreturn-type -Wnon-virtual-dtor -Waddress -Wsequence-point -Wformat -Wformat-security -Wmissing-declarations -Wmissing-prototypes -Wstrict-prototypes -Wundef -Winit-self -Wpointer-arith -Wshadow -Wsign-promo -Wuninitialized -Wno-delete-non-virtual-dtor -Wno-unnamed-type-template-args -Wno-comment -fdiagnostics-show-option -Wno-long-long -Qunused-arguments -Wno-semicolon-before-method-body -ffunction-sections -fdata-sections  -fvisibility=hidden -fvisibility-inlines-hidden  -O3 -DNDEBUG  -DNDEBUG -arch x86_64 -isysroot /Applications/Xcode.app/Contents/Developer/Platforms/MacOSX.platform/Developer/SDKs/MacOSX13.1.sdk -fPIE -MD -MT CMakeFiles/cmTC_2b927.dir/OFF64_T.c.o -MF CMakeFiles/cmTC_2b927.dir/OFF64_T.c.o.d -o CMakeFiles/cmTC_2b927.dir/OFF64_T.c.o -c /Users/leohsuinthehouse/Desktop/碩二上學期/Computer_Networks/project/Reference/OpenCV_c++/build/CMakeFiles/CMakeScratch/TryCompile-o8op4y/OFF64_T.c
/Users/leohsuinthehouse/Desktop/碩二上學期/Computer_Networks/project/Reference/OpenCV_c++/build/CMakeFiles/CMakeScratch/TryCompile-o8op4y/OFF64_T.c:29:12: error: use of undeclared identifier 'off64_t'
  ('0' + ((SIZE / 10000)%10)),
           ^
/Users/leohsuinthehouse/Desktop/碩二上學期/Computer_Networks/project/Reference/OpenCV_c++/build/CMakeFiles/CMakeScratch/TryCompile-o8op4y/OFF64_T.c:27:22: note: expanded from macro 'SIZE'
#define SIZE (sizeof(off64_t))
                     ^
/Users/leohsuinthehouse/Desktop/碩二上學期/Computer_Networks/project/Reference/OpenCV_c++/build/CMakeFiles/CMakeScratch/TryCompile-o8op4y/OFF64_T.c:30:12: error: use of undeclared identifier 'off64_t'
  ('0' + ((SIZE / 1000)%10)),
           ^
/Users/leohsuinthehouse/Desktop/碩二上學期/Computer_Networks/project/Reference/OpenCV_c++/build/CMakeFiles/CMakeScratch/TryCompile-o8op4y/OFF64_T.c:27:22: note: expanded from macro 'SIZE'
#define SIZE (sizeof(off64_t))
                     ^
/Users/leohsuinthehouse/Desktop/碩二上學期/Computer_Networks/project/Reference/OpenCV_c++/build/CMakeFiles/CMakeScratch/TryCompile-o8op4y/OFF64_T.c:31:12: error: use of undeclared identifier 'off64_t'
  ('0' + ((SIZE / 100)%10)),
           ^
/Users/leohsuinthehouse/Desktop/碩二上學期/Computer_Networks/project/Reference/OpenCV_c++/build/CMakeFiles/CMakeScratch/TryCompile-o8op4y/OFF64_T.c:27:22: note: expanded from macro 'SIZE'
#define SIZE (sizeof(off64_t))
                     ^
/Users/leohsuinthehouse/Desktop/碩二上學期/Computer_Networks/project/Reference/OpenCV_c++/build/CMakeFiles/CMakeScratch/TryCompile-o8op4y/OFF64_T.c:32:12: error: use of undeclared identifier 'off64_t'
  ('0' + ((SIZE / 10)%10)),
           ^
/Users/leohsuinthehouse/Desktop/碩二上學期/Computer_Networks/project/Reference/OpenCV_c++/build/CMakeFiles/CMakeScratch/TryCompile-o8op4y/OFF64_T.c:27:22: note: expanded from macro 'SIZE'
#define SIZE (sizeof(off64_t))
                     ^
/Users/leohsuinthehouse/Desktop/碩二上學期/Computer_Networks/project/Reference/OpenCV_c++/build/CMakeFiles/CMakeScratch/TryCompile-o8op4y/OFF64_T.c:33:12: error: use of undeclared identifier 'off64_t'
  ('0' +  (SIZE    % 10)),
           ^
/Users/leohsuinthehouse/Desktop/碩二上學期/Computer_Networks/project/Reference/OpenCV_c++/build/CMakeFiles/CMakeScratch/TryCompile-o8op4y/OFF64_T.c:27:22: note: expanded from macro 'SIZE'
#define SIZE (sizeof(off64_t))
                     ^
5 errors generated.
make[1]: *** [CMakeFiles/cmTC_2b927.dir/OFF64_T.c.o] Error 1
make: *** [cmTC_2b927/fast] Error 2


OFF64_T.c:
#include <sys/types.h>
#include <stdint.h>
#include <stddef.h>


#undef KEY
#if defined(__i386)
# define KEY '_','_','i','3','8','6'
#elif defined(__x86_64)
# define KEY '_','_','x','8','6','_','6','4'
#elif defined(__PPC64__)
# define KEY '_','_','P','P','C','6','4','_','_'
#elif defined(__ppc64__)
# define KEY '_','_','p','p','c','6','4','_','_'
#elif defined(__PPC__)
# define KEY '_','_','P','P','C','_','_'
#elif defined(__ppc__)
# define KEY '_','_','p','p','c','_','_'
#elif defined(__aarch64__)
# define KEY '_','_','a','a','r','c','h','6','4','_','_'
#elif defined(__ARM_ARCH_7A__)
# define KEY '_','_','A','R','M','_','A','R','C','H','_','7','A','_','_'
#elif defined(__ARM_ARCH_7S__)
# define KEY '_','_','A','R','M','_','A','R','C','H','_','7','S','_','_'
#endif

#define SIZE (sizeof(off64_t))
static char info_size[] =  {'I', 'N', 'F', 'O', ':', 's','i','z','e','[',
  ('0' + ((SIZE / 10000)%10)),
  ('0' + ((SIZE / 1000)%10)),
  ('0' + ((SIZE / 100)%10)),
  ('0' + ((SIZE / 10)%10)),
  ('0' +  (SIZE    % 10)),
  ']',
#ifdef KEY
  ' ','k','e','y','[', KEY, ']',
#endif
  '\0'};

#ifdef __CLASSIC_C__
int main(argc, argv) int argc; char *argv[];
#else
int main(int argc, char *argv[])
#endif
{
  int require = 0;
  require += info_size[argc];
  (void)argv;
  return require;
}


Looking for a ASM_NASM compiler failed with the following output:
-- The ASM_NASM compiler identification is unknown
-- Didn't find assembler
CMake Error at CMakeLists.txt:2 (project):
  No CMAKE_ASM_NASM_COMPILER could be found.

  Tell CMake where to find the compiler by setting either the environment
  variable "ASM_NASM" or the CMake cache entry CMAKE_ASM_NASM_COMPILER to the
  full path to the compiler, or to the compiler name if it is in the PATH.


-- Configuring incomplete, errors occurred!
See also "/Users/leohsuinthehouse/Desktop/碩二上學期/Computer_Networks/project/Reference/OpenCV_c++/build/3rdparty/libjpeg-turbo/src/simd/CMakeFiles/CheckASM_NASM/CMakeFiles/CMakeOutput.log".
See also "/Users/leohsuinthehouse/Desktop/碩二上學期/Computer_Networks/project/Reference/OpenCV_c++/build/3rdparty/libjpeg-turbo/src/simd/CMakeFiles/CheckASM_NASM/CMakeFiles/CMakeError.log".

Determining if the include file io.h exists failed with the following output:
Change Dir: /Users/leohsuinthehouse/Desktop/碩二上學期/Computer_Networks/project/Reference/OpenCV_c++/build/CMakeFiles/CMakeScratch/TryCompile-S11q9F

Run Build Command(s):/usr/bin/make -f Makefile cmTC_06b51/fast && /Applications/Xcode.app/Contents/Developer/usr/bin/make  -f CMakeFiles/cmTC_06b51.dir/build.make CMakeFiles/cmTC_06b51.dir/build
Building C object CMakeFiles/cmTC_06b51.dir/CheckIncludeFile.c.o
/Applications/Xcode.app/Contents/Developer/Toolchains/XcodeDefault.xctoolchain/usr/bin/cc   -fsigned-char -W -Wall -Wreturn-type -Wnon-virtual-dtor -Waddress -Wsequence-point -Wformat -Wformat-security -Wmissing-declarations -Wmissing-prototypes -Wstrict-prototypes -Wundef -Winit-self -Wpointer-arith -Wshadow -Wsign-promo -Wuninitialized -Wno-delete-non-virtual-dtor -Wno-unnamed-type-template-args -Wno-comment -fdiagnostics-show-option -Wno-long-long -Qunused-arguments -Wno-semicolon-before-method-body -ffunction-sections -fdata-sections  -fvisibility=hidden -fvisibility-inlines-hidden  -O3 -DNDEBUG  -DNDEBUG -arch x86_64 -isysroot /Applications/Xcode.app/Contents/Developer/Platforms/MacOSX.platform/Developer/SDKs/MacOSX13.1.sdk -fPIE -MD -MT CMakeFiles/cmTC_06b51.dir/CheckIncludeFile.c.o -MF CMakeFiles/cmTC_06b51.dir/CheckIncludeFile.c.o.d -o CMakeFiles/cmTC_06b51.dir/CheckIncludeFile.c.o -c /Users/leohsuinthehouse/Desktop/碩二上學期/Computer_Networks/project/Reference/OpenCV_c++/build/CMakeFiles/CMakeScratch/TryCompile-S11q9F/CheckIncludeFile.c
/Users/leohsuinthehouse/Desktop/碩二上學期/Computer_Networks/project/Reference/OpenCV_c++/build/CMakeFiles/CMakeScratch/TryCompile-S11q9F/CheckIncludeFile.c:1:10: fatal error: 'io.h' file not found
#include <io.h>
         ^~~~~~
1 error generated.
make[1]: *** [CMakeFiles/cmTC_06b51.dir/CheckIncludeFile.c.o] Error 1
make: *** [cmTC_06b51/fast] Error 2



Determining size of INT8 failed with the following output:
Change Dir: /Users/leohsuinthehouse/Desktop/碩二上學期/Computer_Networks/project/Reference/OpenCV_c++/build/CMakeFiles/CMakeScratch/TryCompile-b1r6QO

Run Build Command(s):/usr/bin/make -f Makefile cmTC_5ebe2/fast && /Applications/Xcode.app/Contents/Developer/usr/bin/make  -f CMakeFiles/cmTC_5ebe2.dir/build.make CMakeFiles/cmTC_5ebe2.dir/build
Building C object CMakeFiles/cmTC_5ebe2.dir/int8.c.o
/Applications/Xcode.app/Contents/Developer/Toolchains/XcodeDefault.xctoolchain/usr/bin/cc   -fsigned-char -W -Wall -Wreturn-type -Wnon-virtual-dtor -Waddress -Wsequence-point -Wformat -Wformat-security -Wmissing-declarations -Wmissing-prototypes -Wstrict-prototypes -Wundef -Winit-self -Wpointer-arith -Wshadow -Wsign-promo -Wuninitialized -Wno-delete-non-virtual-dtor -Wno-unnamed-type-template-args -Wno-comment -fdiagnostics-show-option -Wno-long-long -Qunused-arguments -Wno-semicolon-before-method-body -ffunction-sections -fdata-sections  -fvisibility=hidden -fvisibility-inlines-hidden  -O3 -DNDEBUG  -DNDEBUG -arch x86_64 -isysroot /Applications/Xcode.app/Contents/Developer/Platforms/MacOSX.platform/Developer/SDKs/MacOSX13.1.sdk -fPIE -MD -MT CMakeFiles/cmTC_5ebe2.dir/int8.c.o -MF CMakeFiles/cmTC_5ebe2.dir/int8.c.o.d -o CMakeFiles/cmTC_5ebe2.dir/int8.c.o -c /Users/leohsuinthehouse/Desktop/碩二上學期/Computer_Networks/project/Reference/OpenCV_c++/build/CMakeFiles/CMakeScratch/TryCompile-b1r6QO/int8.c
/Users/leohsuinthehouse/Desktop/碩二上學期/Computer_Networks/project/Reference/OpenCV_c++/build/CMakeFiles/CMakeScratch/TryCompile-b1r6QO/int8.c:29:12: error: use of undeclared identifier 'INT8'
  ('0' + ((SIZE / 10000)%10)),
           ^
/Users/leohsuinthehouse/Desktop/碩二上學期/Computer_Networks/project/Reference/OpenCV_c++/build/CMakeFiles/CMakeScratch/TryCompile-b1r6QO/int8.c:27:22: note: expanded from macro 'SIZE'
#define SIZE (sizeof(INT8))
                     ^
/Users/leohsuinthehouse/Desktop/碩二上學期/Computer_Networks/project/Reference/OpenCV_c++/build/CMakeFiles/CMakeScratch/TryCompile-b1r6QO/int8.c:30:12: error: use of undeclared identifier 'INT8'
  ('0' + ((SIZE / 1000)%10)),
           ^
/Users/leohsuinthehouse/Desktop/碩二上學期/Computer_Networks/project/Reference/OpenCV_c++/build/CMakeFiles/CMakeScratch/TryCompile-b1r6QO/int8.c:27:22: note: expanded from macro 'SIZE'
#define SIZE (sizeof(INT8))
                     ^
/Users/leohsuinthehouse/Desktop/碩二上學期/Computer_Networks/project/Reference/OpenCV_c++/build/CMakeFiles/CMakeScratch/TryCompile-b1r6QO/int8.c:31:12: error: use of undeclared identifier 'INT8'
  ('0' + ((SIZE / 100)%10)),
           ^
/Users/leohsuinthehouse/Desktop/碩二上學期/Computer_Networks/project/Reference/OpenCV_c++/build/CMakeFiles/CMakeScratch/TryCompile-b1r6QO/int8.c:27:22: note: expanded from macro 'SIZE'
#define SIZE (sizeof(INT8))
                     ^
/Users/leohsuinthehouse/Desktop/碩二上學期/Computer_Networks/project/Reference/OpenCV_c++/build/CMakeFiles/CMakeScratch/TryCompile-b1r6QO/int8.c:32:12: error: use of undeclared identifier 'INT8'
  ('0' + ((SIZE / 10)%10)),
           ^
/Users/leohsuinthehouse/Desktop/碩二上學期/Computer_Networks/project/Reference/OpenCV_c++/build/CMakeFiles/CMakeScratch/TryCompile-b1r6QO/int8.c:27:22: note: expanded from macro 'SIZE'
#define SIZE (sizeof(INT8))
                     ^
/Users/leohsuinthehouse/Desktop/碩二上學期/Computer_Networks/project/Reference/OpenCV_c++/build/CMakeFiles/CMakeScratch/TryCompile-b1r6QO/int8.c:33:12: error: use of undeclared identifier 'INT8'
  ('0' +  (SIZE    % 10)),
           ^
/Users/leohsuinthehouse/Desktop/碩二上學期/Computer_Networks/project/Reference/OpenCV_c++/build/CMakeFiles/CMakeScratch/TryCompile-b1r6QO/int8.c:27:22: note: expanded from macro 'SIZE'
#define SIZE (sizeof(INT8))
                     ^
5 errors generated.
make[1]: *** [CMakeFiles/cmTC_5ebe2.dir/int8.c.o] Error 1
make: *** [cmTC_5ebe2/fast] Error 2


int8.c:
#include <sys/types.h>
#include <stdint.h>
#include <stddef.h>


#undef KEY
#if defined(__i386)
# define KEY '_','_','i','3','8','6'
#elif defined(__x86_64)
# define KEY '_','_','x','8','6','_','6','4'
#elif defined(__PPC64__)
# define KEY '_','_','P','P','C','6','4','_','_'
#elif defined(__ppc64__)
# define KEY '_','_','p','p','c','6','4','_','_'
#elif defined(__PPC__)
# define KEY '_','_','P','P','C','_','_'
#elif defined(__ppc__)
# define KEY '_','_','p','p','c','_','_'
#elif defined(__aarch64__)
# define KEY '_','_','a','a','r','c','h','6','4','_','_'
#elif defined(__ARM_ARCH_7A__)
# define KEY '_','_','A','R','M','_','A','R','C','H','_','7','A','_','_'
#elif defined(__ARM_ARCH_7S__)
# define KEY '_','_','A','R','M','_','A','R','C','H','_','7','S','_','_'
#endif

#define SIZE (sizeof(INT8))
static char info_size[] =  {'I', 'N', 'F', 'O', ':', 's','i','z','e','[',
  ('0' + ((SIZE / 10000)%10)),
  ('0' + ((SIZE / 1000)%10)),
  ('0' + ((SIZE / 100)%10)),
  ('0' + ((SIZE / 10)%10)),
  ('0' +  (SIZE    % 10)),
  ']',
#ifdef KEY
  ' ','k','e','y','[', KEY, ']',
#endif
  '\0'};

#ifdef __CLASSIC_C__
int main(argc, argv) int argc; char *argv[];
#else
int main(int argc, char *argv[])
#endif
{
  int require = 0;
  require += info_size[argc];
  (void)argv;
  return require;
}


Determining size of INT16 failed with the following output:
Change Dir: /Users/leohsuinthehouse/Desktop/碩二上學期/Computer_Networks/project/Reference/OpenCV_c++/build/CMakeFiles/CMakeScratch/TryCompile-sX2uqF

Run Build Command(s):/usr/bin/make -f Makefile cmTC_e37b7/fast && /Applications/Xcode.app/Contents/Developer/usr/bin/make  -f CMakeFiles/cmTC_e37b7.dir/build.make CMakeFiles/cmTC_e37b7.dir/build
Building C object CMakeFiles/cmTC_e37b7.dir/int16.c.o
/Applications/Xcode.app/Contents/Developer/Toolchains/XcodeDefault.xctoolchain/usr/bin/cc   -fsigned-char -W -Wall -Wreturn-type -Wnon-virtual-dtor -Waddress -Wsequence-point -Wformat -Wformat-security -Wmissing-declarations -Wmissing-prototypes -Wstrict-prototypes -Wundef -Winit-self -Wpointer-arith -Wshadow -Wsign-promo -Wuninitialized -Wno-delete-non-virtual-dtor -Wno-unnamed-type-template-args -Wno-comment -fdiagnostics-show-option -Wno-long-long -Qunused-arguments -Wno-semicolon-before-method-body -ffunction-sections -fdata-sections  -fvisibility=hidden -fvisibility-inlines-hidden  -O3 -DNDEBUG  -DNDEBUG -arch x86_64 -isysroot /Applications/Xcode.app/Contents/Developer/Platforms/MacOSX.platform/Developer/SDKs/MacOSX13.1.sdk -fPIE -MD -MT CMakeFiles/cmTC_e37b7.dir/int16.c.o -MF CMakeFiles/cmTC_e37b7.dir/int16.c.o.d -o CMakeFiles/cmTC_e37b7.dir/int16.c.o -c /Users/leohsuinthehouse/Desktop/碩二上學期/Computer_Networks/project/Reference/OpenCV_c++/build/CMakeFiles/CMakeScratch/TryCompile-sX2uqF/int16.c
/Users/leohsuinthehouse/Desktop/碩二上學期/Computer_Networks/project/Reference/OpenCV_c++/build/CMakeFiles/CMakeScratch/TryCompile-sX2uqF/int16.c:29:12: error: use of undeclared identifier 'INT16'
  ('0' + ((SIZE / 10000)%10)),
           ^
/Users/leohsuinthehouse/Desktop/碩二上學期/Computer_Networks/project/Reference/OpenCV_c++/build/CMakeFiles/CMakeScratch/TryCompile-sX2uqF/int16.c:27:22: note: expanded from macro 'SIZE'
#define SIZE (sizeof(INT16))
                     ^
/Users/leohsuinthehouse/Desktop/碩二上學期/Computer_Networks/project/Reference/OpenCV_c++/build/CMakeFiles/CMakeScratch/TryCompile-sX2uqF/int16.c:30:12: error: use of undeclared identifier 'INT16'
  ('0' + ((SIZE / 1000)%10)),
           ^
/Users/leohsuinthehouse/Desktop/碩二上學期/Computer_Networks/project/Reference/OpenCV_c++/build/CMakeFiles/CMakeScratch/TryCompile-sX2uqF/int16.c:27:22: note: expanded from macro 'SIZE'
#define SIZE (sizeof(INT16))
                     ^
/Users/leohsuinthehouse/Desktop/碩二上學期/Computer_Networks/project/Reference/OpenCV_c++/build/CMakeFiles/CMakeScratch/TryCompile-sX2uqF/int16.c:31:12: error: use of undeclared identifier 'INT16'
  ('0' + ((SIZE / 100)%10)),
           ^
/Users/leohsuinthehouse/Desktop/碩二上學期/Computer_Networks/project/Reference/OpenCV_c++/build/CMakeFiles/CMakeScratch/TryCompile-sX2uqF/int16.c:27:22: note: expanded from macro 'SIZE'
#define SIZE (sizeof(INT16))
                     ^
/Users/leohsuinthehouse/Desktop/碩二上學期/Computer_Networks/project/Reference/OpenCV_c++/build/CMakeFiles/CMakeScratch/TryCompile-sX2uqF/int16.c:32:12: error: use of undeclared identifier 'INT16'
  ('0' + ((SIZE / 10)%10)),
           ^
/Users/leohsuinthehouse/Desktop/碩二上學期/Computer_Networks/project/Reference/OpenCV_c++/build/CMakeFiles/CMakeScratch/TryCompile-sX2uqF/int16.c:27:22: note: expanded from macro 'SIZE'
#define SIZE (sizeof(INT16))
                     ^
/Users/leohsuinthehouse/Desktop/碩二上學期/Computer_Networks/project/Reference/OpenCV_c++/build/CMakeFiles/CMakeScratch/TryCompile-sX2uqF/int16.c:33:12: error: use of undeclared identifier 'INT16'
  ('0' +  (SIZE    % 10)),
           ^
/Users/leohsuinthehouse/Desktop/碩二上學期/Computer_Networks/project/Reference/OpenCV_c++/build/CMakeFiles/CMakeScratch/TryCompile-sX2uqF/int16.c:27:22: note: expanded from macro 'SIZE'
#define SIZE (sizeof(INT16))
                     ^
5 errors generated.
make[1]: *** [CMakeFiles/cmTC_e37b7.dir/int16.c.o] Error 1
make: *** [cmTC_e37b7/fast] Error 2


int16.c:
#include <sys/types.h>
#include <stdint.h>
#include <stddef.h>


#undef KEY
#if defined(__i386)
# define KEY '_','_','i','3','8','6'
#elif defined(__x86_64)
# define KEY '_','_','x','8','6','_','6','4'
#elif defined(__PPC64__)
# define KEY '_','_','P','P','C','6','4','_','_'
#elif defined(__ppc64__)
# define KEY '_','_','p','p','c','6','4','_','_'
#elif defined(__PPC__)
# define KEY '_','_','P','P','C','_','_'
#elif defined(__ppc__)
# define KEY '_','_','p','p','c','_','_'
#elif defined(__aarch64__)
# define KEY '_','_','a','a','r','c','h','6','4','_','_'
#elif defined(__ARM_ARCH_7A__)
# define KEY '_','_','A','R','M','_','A','R','C','H','_','7','A','_','_'
#elif defined(__ARM_ARCH_7S__)
# define KEY '_','_','A','R','M','_','A','R','C','H','_','7','S','_','_'
#endif

#define SIZE (sizeof(INT16))
static char info_size[] =  {'I', 'N', 'F', 'O', ':', 's','i','z','e','[',
  ('0' + ((SIZE / 10000)%10)),
  ('0' + ((SIZE / 1000)%10)),
  ('0' + ((SIZE / 100)%10)),
  ('0' + ((SIZE / 10)%10)),
  ('0' +  (SIZE    % 10)),
  ']',
#ifdef KEY
  ' ','k','e','y','[', KEY, ']',
#endif
  '\0'};

#ifdef __CLASSIC_C__
int main(argc, argv) int argc; char *argv[];
#else
int main(int argc, char *argv[])
#endif
{
  int require = 0;
  require += info_size[argc];
  (void)argv;
  return require;
}


Determining size of INT32 failed with the following output:
Change Dir: /Users/leohsuinthehouse/Desktop/碩二上學期/Computer_Networks/project/Reference/OpenCV_c++/build/CMakeFiles/CMakeScratch/TryCompile-JzU1wW

Run Build Command(s):/usr/bin/make -f Makefile cmTC_5cf75/fast && /Applications/Xcode.app/Contents/Developer/usr/bin/make  -f CMakeFiles/cmTC_5cf75.dir/build.make CMakeFiles/cmTC_5cf75.dir/build
Building C object CMakeFiles/cmTC_5cf75.dir/int32.c.o
/Applications/Xcode.app/Contents/Developer/Toolchains/XcodeDefault.xctoolchain/usr/bin/cc   -fsigned-char -W -Wall -Wreturn-type -Wnon-virtual-dtor -Waddress -Wsequence-point -Wformat -Wformat-security -Wmissing-declarations -Wmissing-prototypes -Wstrict-prototypes -Wundef -Winit-self -Wpointer-arith -Wshadow -Wsign-promo -Wuninitialized -Wno-delete-non-virtual-dtor -Wno-unnamed-type-template-args -Wno-comment -fdiagnostics-show-option -Wno-long-long -Qunused-arguments -Wno-semicolon-before-method-body -ffunction-sections -fdata-sections  -fvisibility=hidden -fvisibility-inlines-hidden  -O3 -DNDEBUG  -DNDEBUG -arch x86_64 -isysroot /Applications/Xcode.app/Contents/Developer/Platforms/MacOSX.platform/Developer/SDKs/MacOSX13.1.sdk -fPIE -MD -MT CMakeFiles/cmTC_5cf75.dir/int32.c.o -MF CMakeFiles/cmTC_5cf75.dir/int32.c.o.d -o CMakeFiles/cmTC_5cf75.dir/int32.c.o -c /Users/leohsuinthehouse/Desktop/碩二上學期/Computer_Networks/project/Reference/OpenCV_c++/build/CMakeFiles/CMakeScratch/TryCompile-JzU1wW/int32.c
/Users/leohsuinthehouse/Desktop/碩二上學期/Computer_Networks/project/Reference/OpenCV_c++/build/CMakeFiles/CMakeScratch/TryCompile-JzU1wW/int32.c:29:12: error: use of undeclared identifier 'INT32'
  ('0' + ((SIZE / 10000)%10)),
           ^
/Users/leohsuinthehouse/Desktop/碩二上學期/Computer_Networks/project/Reference/OpenCV_c++/build/CMakeFiles/CMakeScratch/TryCompile-JzU1wW/int32.c:27:22: note: expanded from macro 'SIZE'
#define SIZE (sizeof(INT32))
                     ^
/Users/leohsuinthehouse/Desktop/碩二上學期/Computer_Networks/project/Reference/OpenCV_c++/build/CMakeFiles/CMakeScratch/TryCompile-JzU1wW/int32.c:30:12: error: use of undeclared identifier 'INT32'
  ('0' + ((SIZE / 1000)%10)),
           ^
/Users/leohsuinthehouse/Desktop/碩二上學期/Computer_Networks/project/Reference/OpenCV_c++/build/CMakeFiles/CMakeScratch/TryCompile-JzU1wW/int32.c:27:22: note: expanded from macro 'SIZE'
#define SIZE (sizeof(INT32))
                     ^
/Users/leohsuinthehouse/Desktop/碩二上學期/Computer_Networks/project/Reference/OpenCV_c++/build/CMakeFiles/CMakeScratch/TryCompile-JzU1wW/int32.c:31:12: error: use of undeclared identifier 'INT32'
  ('0' + ((SIZE / 100)%10)),
           ^
/Users/leohsuinthehouse/Desktop/碩二上學期/Computer_Networks/project/Reference/OpenCV_c++/build/CMakeFiles/CMakeScratch/TryCompile-JzU1wW/int32.c:27:22: note: expanded from macro 'SIZE'
#define SIZE (sizeof(INT32))
                     ^
/Users/leohsuinthehouse/Desktop/碩二上學期/Computer_Networks/project/Reference/OpenCV_c++/build/CMakeFiles/CMakeScratch/TryCompile-JzU1wW/int32.c:32:12: error: use of undeclared identifier 'INT32'
  ('0' + ((SIZE / 10)%10)),
           ^
/Users/leohsuinthehouse/Desktop/碩二上學期/Computer_Networks/project/Reference/OpenCV_c++/build/CMakeFiles/CMakeScratch/TryCompile-JzU1wW/int32.c:27:22: note: expanded from macro 'SIZE'
#define SIZE (sizeof(INT32))
                     ^
/Users/leohsuinthehouse/Desktop/碩二上學期/Computer_Networks/project/Reference/OpenCV_c++/build/CMakeFiles/CMakeScratch/TryCompile-JzU1wW/int32.c:33:12: error: use of undeclared identifier 'INT32'
  ('0' +  (SIZE    % 10)),
           ^
/Users/leohsuinthehouse/Desktop/碩二上學期/Computer_Networks/project/Reference/OpenCV_c++/build/CMakeFiles/CMakeScratch/TryCompile-JzU1wW/int32.c:27:22: note: expanded from macro 'SIZE'
#define SIZE (sizeof(INT32))
                     ^
5 errors generated.
make[1]: *** [CMakeFiles/cmTC_5cf75.dir/int32.c.o] Error 1
make: *** [cmTC_5cf75/fast] Error 2


int32.c:
#include <sys/types.h>
#include <stdint.h>
#include <stddef.h>


#undef KEY
#if defined(__i386)
# define KEY '_','_','i','3','8','6'
#elif defined(__x86_64)
# define KEY '_','_','x','8','6','_','6','4'
#elif defined(__PPC64__)
# define KEY '_','_','P','P','C','6','4','_','_'
#elif defined(__ppc64__)
# define KEY '_','_','p','p','c','6','4','_','_'
#elif defined(__PPC__)
# define KEY '_','_','P','P','C','_','_'
#elif defined(__ppc__)
# define KEY '_','_','p','p','c','_','_'
#elif defined(__aarch64__)
# define KEY '_','_','a','a','r','c','h','6','4','_','_'
#elif defined(__ARM_ARCH_7A__)
# define KEY '_','_','A','R','M','_','A','R','C','H','_','7','A','_','_'
#elif defined(__ARM_ARCH_7S__)
# define KEY '_','_','A','R','M','_','A','R','C','H','_','7','S','_','_'
#endif

#define SIZE (sizeof(INT32))
static char info_size[] =  {'I', 'N', 'F', 'O', ':', 's','i','z','e','[',
  ('0' + ((SIZE / 10000)%10)),
  ('0' + ((SIZE / 1000)%10)),
  ('0' + ((SIZE / 100)%10)),
  ('0' + ((SIZE / 10)%10)),
  ('0' +  (SIZE    % 10)),
  ']',
#ifdef KEY
  ' ','k','e','y','[', KEY, ']',
#endif
  '\0'};

#ifdef __CLASSIC_C__
int main(argc, argv) int argc; char *argv[];
#else
int main(int argc, char *argv[])
#endif
{
  int require = 0;
  require += info_size[argc];
  (void)argv;
  return require;
}


Build output check failed:
    Regex: 'unknown .*option'
    Output line: 'warning: unknown warning option '-Wno-maybe-uninitialized', did you mean '-Wno-uninitialized'? [-Wunknown-warning-option]'
Compilation failed:
    source file: '/Users/leohsuinthehouse/Desktop/碩二上學期/Computer_Networks/project/Reference/OpenCV_c++/build/CMakeFiles/CMakeTmp/src.c'
    check option: ' -Wno-maybe-uninitialized'
===== BUILD LOG =====
Change Dir: /Users/leohsuinthehouse/Desktop/碩二上學期/Computer_Networks/project/Reference/OpenCV_c++/build/CMakeFiles/CMakeTmp

Run Build Command(s):/usr/bin/make -f Makefile cmTC_1325b/fast && /Applications/Xcode.app/Contents/Developer/usr/bin/make  -f CMakeFiles/cmTC_1325b.dir/build.make CMakeFiles/cmTC_1325b.dir/build
Building C object CMakeFiles/cmTC_1325b.dir/src.c.o
/Applications/Xcode.app/Contents/Developer/Toolchains/XcodeDefault.xctoolchain/usr/bin/cc   -fsigned-char -W -Wall -Wreturn-type -Wnon-virtual-dtor -Waddress -Wsequence-point -Wformat -Wformat-security -Wstrict-prototypes -Winit-self -Wpointer-arith -Wsign-promo -Wuninitialized -Wno-delete-non-virtual-dtor -Wno-unnamed-type-template-args -Wno-comment -fdiagnostics-show-option -Wno-long-long -Qunused-arguments -Wno-semicolon-before-method-body -ffunction-sections -fdata-sections  -fvisibility=hidden -fvisibility-inlines-hidden -Wno-unused-but-set-variable -Wno-missing-prototypes -Wno-missing-declarations -Wno-undef -Wno-unused -Wno-sign-compare -Wno-cast-align -Wno-shadow  -O3 -DNDEBUG  -DNDEBUG -arch x86_64 -isysroot /Applications/Xcode.app/Contents/Developer/Platforms/MacOSX.platform/Developer/SDKs/MacOSX13.1.sdk -fPIE    -Wno-maybe-uninitialized -MD -MT CMakeFiles/cmTC_1325b.dir/src.c.o -MF CMakeFiles/cmTC_1325b.dir/src.c.o.d -o CMakeFiles/cmTC_1325b.dir/src.c.o -c /Users/leohsuinthehouse/Desktop/碩二上學期/Computer_Networks/project/Reference/OpenCV_c++/build/CMakeFiles/CMakeTmp/src.c
warning: unknown warning option '-Wno-maybe-uninitialized'; did you mean '-Wno-uninitialized'? [-Wunknown-warning-option]
/Users/leohsuinthehouse/Desktop/碩二上學期/Computer_Networks/project/Reference/OpenCV_c++/build/CMakeFiles/CMakeTmp/src.c:1:8: warning: unknown pragma ignored [-Wunknown-pragmas]
#pragma
       ^
2 warnings generated.
Linking C executable cmTC_1325b
/usr/local/Cellar/cmake/3.25.1/bin/cmake -E cmake_link_script CMakeFiles/cmTC_1325b.dir/link.txt --verbose=1
/Applications/Xcode.app/Contents/Developer/Toolchains/XcodeDefault.xctoolchain/usr/bin/cc    -fsigned-char -W -Wall -Wreturn-type -Wnon-virtual-dtor -Waddress -Wsequence-point -Wformat -Wformat-security -Wstrict-prototypes -Winit-self -Wpointer-arith -Wsign-promo -Wuninitialized -Wno-delete-non-virtual-dtor -Wno-unnamed-type-template-args -Wno-comment -fdiagnostics-show-option -Wno-long-long -Qunused-arguments -Wno-semicolon-before-method-body -ffunction-sections -fdata-sections  -fvisibility=hidden -fvisibility-inlines-hidden -Wno-unused-but-set-variable -Wno-missing-prototypes -Wno-missing-declarations -Wno-undef -Wno-unused -Wno-sign-compare -Wno-cast-align -Wno-shadow  -O3 -DNDEBUG  -DNDEBUG -arch x86_64 -isysroot /Applications/Xcode.app/Contents/Developer/Platforms/MacOSX.platform/Developer/SDKs/MacOSX13.1.sdk -Wl,-search_paths_first -Wl,-headerpad_max_install_names   -Wl,-dead_strip  CMakeFiles/cmTC_1325b.dir/src.c.o -o cmTC_1325b 


===== END =====

Build output check failed:
    Regex: 'unknown .*option'
    Output line: 'warning: unknown warning option '-Wno-array-parameter', did you mean '-Wno-unused-parameter'? [-Wunknown-warning-option]'
Compilation failed:
    source file: '/Users/leohsuinthehouse/Desktop/碩二上學期/Computer_Networks/project/Reference/OpenCV_c++/build/CMakeFiles/CMakeTmp/src.c'
    check option: ' -Wno-array-parameter'
===== BUILD LOG =====
Change Dir: /Users/leohsuinthehouse/Desktop/碩二上學期/Computer_Networks/project/Reference/OpenCV_c++/build/CMakeFiles/CMakeTmp

Run Build Command(s):/usr/bin/make -f Makefile cmTC_69398/fast && /Applications/Xcode.app/Contents/Developer/usr/bin/make  -f CMakeFiles/cmTC_69398.dir/build.make CMakeFiles/cmTC_69398.dir/build
Building C object CMakeFiles/cmTC_69398.dir/src.c.o
/Applications/Xcode.app/Contents/Developer/Toolchains/XcodeDefault.xctoolchain/usr/bin/cc   -fsigned-char -W -Wall -Wreturn-type -Wnon-virtual-dtor -Waddress -Wsequence-point -Wformat -Wformat-security -Wstrict-prototypes -Winit-self -Wpointer-arith -Wsign-promo -Wuninitialized -Wno-delete-non-virtual-dtor -Wno-unnamed-type-template-args -Wno-comment -fdiagnostics-show-option -Wno-long-long -Qunused-arguments -Wno-semicolon-before-method-body -ffunction-sections -fdata-sections  -fvisibility=hidden -fvisibility-inlines-hidden -Wno-unused-but-set-variable -Wno-missing-prototypes -Wno-missing-declarations -Wno-undef -Wno-unused -Wno-sign-compare -Wno-cast-align -Wno-shadow -Wno-pointer-to-int-cast -Wno-int-to-pointer-cast -Wno-misleading-indentation -Wno-implicit-fallthrough -Wno-unused-parameter  -O3 -DNDEBUG  -DNDEBUG -arch x86_64 -isysroot /Applications/Xcode.app/Contents/Developer/Platforms/MacOSX.platform/Developer/SDKs/MacOSX13.1.sdk -fPIE    -Wno-array-parameter -MD -MT CMakeFiles/cmTC_69398.dir/src.c.o -MF CMakeFiles/cmTC_69398.dir/src.c.o.d -o CMakeFiles/cmTC_69398.dir/src.c.o -c /Users/leohsuinthehouse/Desktop/碩二上學期/Computer_Networks/project/Reference/OpenCV_c++/build/CMakeFiles/CMakeTmp/src.c
warning: unknown warning option '-Wno-array-parameter'; did you mean '-Wno-unused-parameter'? [-Wunknown-warning-option]
/Users/leohsuinthehouse/Desktop/碩二上學期/Computer_Networks/project/Reference/OpenCV_c++/build/CMakeFiles/CMakeTmp/src.c:1:8: warning: unknown pragma ignored [-Wunknown-pragmas]
#pragma
       ^
2 warnings generated.
Linking C executable cmTC_69398
/usr/local/Cellar/cmake/3.25.1/bin/cmake -E cmake_link_script CMakeFiles/cmTC_69398.dir/link.txt --verbose=1
/Applications/Xcode.app/Contents/Developer/Toolchains/XcodeDefault.xctoolchain/usr/bin/cc    -fsigned-char -W -Wall -Wreturn-type -Wnon-virtual-dtor -Waddress -Wsequence-point -Wformat -Wformat-security -Wstrict-prototypes -Winit-self -Wpointer-arith -Wsign-promo -Wuninitialized -Wno-delete-non-virtual-dtor -Wno-unnamed-type-template-args -Wno-comment -fdiagnostics-show-option -Wno-long-long -Qunused-arguments -Wno-semicolon-before-method-body -ffunction-sections -fdata-sections  -fvisibility=hidden -fvisibility-inlines-hidden -Wno-unused-but-set-variable -Wno-missing-prototypes -Wno-missing-declarations -Wno-undef -Wno-unused -Wno-sign-compare -Wno-cast-align -Wno-shadow -Wno-pointer-to-int-cast -Wno-int-to-pointer-cast -Wno-misleading-indentation -Wno-implicit-fallthrough -Wno-unused-parameter  -O3 -DNDEBUG  -DNDEBUG -arch x86_64 -isysroot /Applications/Xcode.app/Contents/Developer/Platforms/MacOSX.platform/Developer/SDKs/MacOSX13.1.sdk -Wl,-search_paths_first -Wl,-headerpad_max_install_names   -Wl,-dead_strip  CMakeFiles/cmTC_69398.dir/src.c.o -o cmTC_69398 


===== END =====

Determining if files malloc.h exist failed with the following output:
Change Dir: /Users/leohsuinthehouse/Desktop/碩二上學期/Computer_Networks/project/Reference/OpenCV_c++/build/CMakeFiles/CMakeScratch/TryCompile-q46MyH

Run Build Command(s):/usr/bin/make -f Makefile cmTC_f1b49/fast && /Applications/Xcode.app/Contents/Developer/usr/bin/make  -f CMakeFiles/cmTC_f1b49.dir/build.make CMakeFiles/cmTC_f1b49.dir/build
Building C object CMakeFiles/cmTC_f1b49.dir/OPJ_HAVE_MALLOC_H.c.o
/Applications/Xcode.app/Contents/Developer/Toolchains/XcodeDefault.xctoolchain/usr/bin/cc   -fsigned-char -W -Wall -Wreturn-type -Wnon-virtual-dtor -Waddress -Wsequence-point -Wformat -Wformat-security -Wmissing-declarations -Wmissing-prototypes -Wstrict-prototypes -Wundef -Winit-self -Wpointer-arith -Wshadow -Wsign-promo -Wuninitialized -Wno-delete-non-virtual-dtor -Wno-unnamed-type-template-args -Wno-comment -fdiagnostics-show-option -Wno-long-long -Qunused-arguments -Wno-semicolon-before-method-body -ffunction-sections -fdata-sections  -fvisibility=hidden -fvisibility-inlines-hidden -Wno-implicit-const-int-float-conversion -Wno-unused-but-set-variable  -O3 -DNDEBUG  -DNDEBUG -arch x86_64 -isysroot /Applications/Xcode.app/Contents/Developer/Platforms/MacOSX.platform/Developer/SDKs/MacOSX13.1.sdk -fPIE -MD -MT CMakeFiles/cmTC_f1b49.dir/OPJ_HAVE_MALLOC_H.c.o -MF CMakeFiles/cmTC_f1b49.dir/OPJ_HAVE_MALLOC_H.c.o.d -o CMakeFiles/cmTC_f1b49.dir/OPJ_HAVE_MALLOC_H.c.o -c /Users/leohsuinthehouse/Desktop/碩二上學期/Computer_Networks/project/Reference/OpenCV_c++/build/CMakeFiles/CMakeScratch/TryCompile-q46MyH/OPJ_HAVE_MALLOC_H.c
/Users/leohsuinthehouse/Desktop/碩二上學期/Computer_Networks/project/Reference/OpenCV_c++/build/CMakeFiles/CMakeScratch/TryCompile-q46MyH/OPJ_HAVE_MALLOC_H.c:2:10: fatal error: 'malloc.h' file not found
#include <malloc.h>
         ^~~~~~~~~~
1 error generated.
make[1]: *** [CMakeFiles/cmTC_f1b49.dir/OPJ_HAVE_MALLOC_H.c.o] Error 1
make: *** [cmTC_f1b49/fast] Error 2


Source:
/* */
#include <malloc.h>


int main(void){return 0;}

Determining if the _aligned_malloc exist failed with the following output:
Change Dir: /Users/leohsuinthehouse/Desktop/碩二上學期/Computer_Networks/project/Reference/OpenCV_c++/build/CMakeFiles/CMakeScratch/TryCompile-4Dbv8u

Run Build Command(s):/usr/bin/make -f Makefile cmTC_ecee9/fast && /Applications/Xcode.app/Contents/Developer/usr/bin/make  -f CMakeFiles/cmTC_ecee9.dir/build.make CMakeFiles/cmTC_ecee9.dir/build
Building C object CMakeFiles/cmTC_ecee9.dir/CheckSymbolExists.c.o
/Applications/Xcode.app/Contents/Developer/Toolchains/XcodeDefault.xctoolchain/usr/bin/cc   -fsigned-char -W -Wall -Wreturn-type -Wnon-virtual-dtor -Waddress -Wsequence-point -Wformat -Wformat-security -Wmissing-declarations -Wmissing-prototypes -Wstrict-prototypes -Wundef -Winit-self -Wpointer-arith -Wshadow -Wsign-promo -Wuninitialized -Wno-delete-non-virtual-dtor -Wno-unnamed-type-template-args -Wno-comment -fdiagnostics-show-option -Wno-long-long -Qunused-arguments -Wno-semicolon-before-method-body -ffunction-sections -fdata-sections  -fvisibility=hidden -fvisibility-inlines-hidden -Wno-implicit-const-int-float-conversion -Wno-unused-but-set-variable  -O3 -DNDEBUG  -DNDEBUG -arch x86_64 -isysroot /Applications/Xcode.app/Contents/Developer/Platforms/MacOSX.platform/Developer/SDKs/MacOSX13.1.sdk -fPIE -MD -MT CMakeFiles/cmTC_ecee9.dir/CheckSymbolExists.c.o -MF CMakeFiles/cmTC_ecee9.dir/CheckSymbolExists.c.o.d -o CMakeFiles/cmTC_ecee9.dir/CheckSymbolExists.c.o -c /Users/leohsuinthehouse/Desktop/碩二上學期/Computer_Networks/project/Reference/OpenCV_c++/build/CMakeFiles/CMakeScratch/TryCompile-4Dbv8u/CheckSymbolExists.c
/Users/leohsuinthehouse/Desktop/碩二上學期/Computer_Networks/project/Reference/OpenCV_c++/build/CMakeFiles/CMakeScratch/TryCompile-4Dbv8u/CheckSymbolExists.c:2:10: fatal error: 'malloc.h' file not found
#include <malloc.h>
         ^~~~~~~~~~
1 error generated.
make[1]: *** [CMakeFiles/cmTC_ecee9.dir/CheckSymbolExists.c.o] Error 1
make: *** [cmTC_ecee9/fast] Error 2


File CheckSymbolExists.c:
/* */
#include <malloc.h>

int main(int argc, char** argv)
{
  (void)argv;
#ifndef _aligned_malloc
  return ((int*)(&_aligned_malloc))[argc];
#else
  (void)argc;
  return 0;
#endif
}
Determining if the memalign exist failed with the following output:
Change Dir: /Users/leohsuinthehouse/Desktop/碩二上學期/Computer_Networks/project/Reference/OpenCV_c++/build/CMakeFiles/CMakeScratch/TryCompile-b8B3FS

Run Build Command(s):/usr/bin/make -f Makefile cmTC_92ecc/fast && /Applications/Xcode.app/Contents/Developer/usr/bin/make  -f CMakeFiles/cmTC_92ecc.dir/build.make CMakeFiles/cmTC_92ecc.dir/build
Building C object CMakeFiles/cmTC_92ecc.dir/CheckSymbolExists.c.o
/Applications/Xcode.app/Contents/Developer/Toolchains/XcodeDefault.xctoolchain/usr/bin/cc   -fsigned-char -W -Wall -Wreturn-type -Wnon-virtual-dtor -Waddress -Wsequence-point -Wformat -Wformat-security -Wmissing-declarations -Wmissing-prototypes -Wstrict-prototypes -Wundef -Winit-self -Wpointer-arith -Wshadow -Wsign-promo -Wuninitialized -Wno-delete-non-virtual-dtor -Wno-unnamed-type-template-args -Wno-comment -fdiagnostics-show-option -Wno-long-long -Qunused-arguments -Wno-semicolon-before-method-body -ffunction-sections -fdata-sections  -fvisibility=hidden -fvisibility-inlines-hidden -Wno-implicit-const-int-float-conversion -Wno-unused-but-set-variable  -O3 -DNDEBUG  -DNDEBUG -arch x86_64 -isysroot /Applications/Xcode.app/Contents/Developer/Platforms/MacOSX.platform/Developer/SDKs/MacOSX13.1.sdk -fPIE -MD -MT CMakeFiles/cmTC_92ecc.dir/CheckSymbolExists.c.o -MF CMakeFiles/cmTC_92ecc.dir/CheckSymbolExists.c.o.d -o CMakeFiles/cmTC_92ecc.dir/CheckSymbolExists.c.o -c /Users/leohsuinthehouse/Desktop/碩二上學期/Computer_Networks/project/Reference/OpenCV_c++/build/CMakeFiles/CMakeScratch/TryCompile-b8B3FS/CheckSymbolExists.c
/Users/leohsuinthehouse/Desktop/碩二上學期/Computer_Networks/project/Reference/OpenCV_c++/build/CMakeFiles/CMakeScratch/TryCompile-b8B3FS/CheckSymbolExists.c:2:10: fatal error: 'malloc.h' file not found
#include <malloc.h>
         ^~~~~~~~~~
1 error generated.
make[1]: *** [CMakeFiles/cmTC_92ecc.dir/CheckSymbolExists.c.o] Error 1
make: *** [cmTC_92ecc/fast] Error 2


File CheckSymbolExists.c:
/* */
#include <malloc.h>

int main(int argc, char** argv)
{
  (void)argv;
#ifndef memalign
  return ((int*)(&memalign))[argc];
#else
  (void)argc;
  return 0;
#endif
}
Determining if the function sgemm_ exists failed with the following output:
Change Dir: /Users/leohsuinthehouse/Desktop/碩二上學期/Computer_Networks/project/Reference/OpenCV_c++/build/CMakeFiles/CMakeScratch/TryCompile-6GEvUe

Run Build Command(s):/usr/bin/make -f Makefile cmTC_f2c30/fast && /Applications/Xcode.app/Contents/Developer/usr/bin/make  -f CMakeFiles/cmTC_f2c30.dir/build.make CMakeFiles/cmTC_f2c30.dir/build
Building C object CMakeFiles/cmTC_f2c30.dir/CheckFunctionExists.c.o
/Applications/Xcode.app/Contents/Developer/Toolchains/XcodeDefault.xctoolchain/usr/bin/cc   -fsigned-char -W -Wall -Wreturn-type -Wnon-virtual-dtor -Waddress -Wsequence-point -Wformat -Wformat-security -Wmissing-declarations -Wmissing-prototypes -Wstrict-prototypes -Wundef -Winit-self -Wpointer-arith -Wshadow -Wsign-promo -Wuninitialized -Wno-delete-non-virtual-dtor -Wno-unnamed-type-template-args -Wno-comment -fdiagnostics-show-option -Wno-long-long -Qunused-arguments -Wno-semicolon-before-method-body -ffunction-sections -fdata-sections  -fvisibility=hidden -fvisibility-inlines-hidden -DCHECK_FUNCTION_EXISTS=sgemm_ -O3 -DNDEBUG  -DNDEBUG -arch x86_64 -isysroot /Applications/Xcode.app/Contents/Developer/Platforms/MacOSX.platform/Developer/SDKs/MacOSX13.1.sdk -fPIE -MD -MT CMakeFiles/cmTC_f2c30.dir/CheckFunctionExists.c.o -MF CMakeFiles/cmTC_f2c30.dir/CheckFunctionExists.c.o.d -o CMakeFiles/cmTC_f2c30.dir/CheckFunctionExists.c.o -c /Users/leohsuinthehouse/Desktop/碩二上學期/Computer_Networks/project/Reference/OpenCV_c++/build/CMakeFiles/CMakeScratch/TryCompile-6GEvUe/CheckFunctionExists.c
Linking C executable cmTC_f2c30
/usr/local/Cellar/cmake/3.25.1/bin/cmake -E cmake_link_script CMakeFiles/cmTC_f2c30.dir/link.txt --verbose=1
/Applications/Xcode.app/Contents/Developer/Toolchains/XcodeDefault.xctoolchain/usr/bin/cc    -fsigned-char -W -Wall -Wreturn-type -Wnon-virtual-dtor -Waddress -Wsequence-point -Wformat -Wformat-security -Wmissing-declarations -Wmissing-prototypes -Wstrict-prototypes -Wundef -Winit-self -Wpointer-arith -Wshadow -Wsign-promo -Wuninitialized -Wno-delete-non-virtual-dtor -Wno-unnamed-type-template-args -Wno-comment -fdiagnostics-show-option -Wno-long-long -Qunused-arguments -Wno-semicolon-before-method-body -ffunction-sections -fdata-sections  -fvisibility=hidden -fvisibility-inlines-hidden -DCHECK_FUNCTION_EXISTS=sgemm_ -O3 -DNDEBUG  -DNDEBUG -arch x86_64 -isysroot /Applications/Xcode.app/Contents/Developer/Platforms/MacOSX.platform/Developer/SDKs/MacOSX13.1.sdk -Wl,-search_paths_first -Wl,-headerpad_max_install_names   -Wl,-dead_strip  CMakeFiles/cmTC_f2c30.dir/CheckFunctionExists.c.o -o cmTC_f2c30 
Undefined symbols for architecture x86_64:
  "_sgemm_", referenced from:
      _main in CheckFunctionExists.c.o
ld: symbol(s) not found for architecture x86_64
clang: error: linker command failed with exit code 1 (use -v to see invocation)
make[1]: *** [cmTC_f2c30] Error 1
make: *** [cmTC_f2c30/fast] Error 2



Determining if the function shm_open exists in the rt failed with the following output:
Change Dir: /Users/leohsuinthehouse/Desktop/碩二上學期/Computer_Networks/project/Reference/OpenCV_c++/build/CMakeFiles/CMakeScratch/TryCompile-UW9TBg

Run Build Command(s):/usr/bin/make -f Makefile cmTC_2da43/fast && /Applications/Xcode.app/Contents/Developer/usr/bin/make  -f CMakeFiles/cmTC_2da43.dir/build.make CMakeFiles/cmTC_2da43.dir/build
Building C object CMakeFiles/cmTC_2da43.dir/CheckFunctionExists.c.o
/Applications/Xcode.app/Contents/Developer/Toolchains/XcodeDefault.xctoolchain/usr/bin/cc   -fsigned-char -W -Wall -Wreturn-type -Wnon-virtual-dtor -Waddress -Wsequence-point -Wformat -Wformat-security -Wmissing-declarations -Wmissing-prototypes -Wstrict-prototypes -Wundef -Winit-self -Wpointer-arith -Wshadow -Wsign-promo -Wuninitialized -Wno-delete-non-virtual-dtor -Wno-unnamed-type-template-args -Wno-comment -fdiagnostics-show-option -Wno-long-long -Qunused-arguments -Wno-semicolon-before-method-body -ffunction-sections -fdata-sections  -fvisibility=hidden -fvisibility-inlines-hidden -DCHECK_FUNCTION_EXISTS=shm_open -O3 -DNDEBUG  -DNDEBUG -arch x86_64 -isysroot /Applications/Xcode.app/Contents/Developer/Platforms/MacOSX.platform/Developer/SDKs/MacOSX13.1.sdk -fPIE -MD -MT CMakeFiles/cmTC_2da43.dir/CheckFunctionExists.c.o -MF CMakeFiles/cmTC_2da43.dir/CheckFunctionExists.c.o.d -o CMakeFiles/cmTC_2da43.dir/CheckFunctionExists.c.o -c /Users/leohsuinthehouse/Desktop/碩二上學期/Computer_Networks/project/Reference/OpenCV_c++/build/CMakeFiles/CMakeScratch/TryCompile-UW9TBg/CheckFunctionExists.c
Linking C executable cmTC_2da43
/usr/local/Cellar/cmake/3.25.1/bin/cmake -E cmake_link_script CMakeFiles/cmTC_2da43.dir/link.txt --verbose=1
/Applications/Xcode.app/Contents/Developer/Toolchains/XcodeDefault.xctoolchain/usr/bin/cc    -fsigned-char -W -Wall -Wreturn-type -Wnon-virtual-dtor -Waddress -Wsequence-point -Wformat -Wformat-security -Wmissing-declarations -Wmissing-prototypes -Wstrict-prototypes -Wundef -Winit-self -Wpointer-arith -Wshadow -Wsign-promo -Wuninitialized -Wno-delete-non-virtual-dtor -Wno-unnamed-type-template-args -Wno-comment -fdiagnostics-show-option -Wno-long-long -Qunused-arguments -Wno-semicolon-before-method-body -ffunction-sections -fdata-sections  -fvisibility=hidden -fvisibility-inlines-hidden -DCHECK_FUNCTION_EXISTS=shm_open -O3 -DNDEBUG  -DNDEBUG -arch x86_64 -isysroot /Applications/Xcode.app/Contents/Developer/Platforms/MacOSX.platform/Developer/SDKs/MacOSX13.1.sdk -Wl,-search_paths_first -Wl,-headerpad_max_install_names   -Wl,-dead_strip  CMakeFiles/cmTC_2da43.dir/CheckFunctionExists.c.o -o cmTC_2da43  -lrt 
ld: library not found for -lrt
clang: error: linker command failed with exit code 1 (use -v to see invocation)
make[1]: *** [cmTC_2da43] Error 1
make: *** [cmTC_2da43/fast] Error 2



Performing C SOURCE FILE Test Iconv_IS_BUILT_IN failed with the following output:
Change Dir: /Users/leohsuinthehouse/Desktop/碩二上學期/Computer_Networks/project/Reference/OpenCV_c++/build/CMakeFiles/CMakeScratch/TryCompile-BrEuHk

Run Build Command(s):/usr/bin/make -f Makefile cmTC_e63db/fast && /Applications/Xcode.app/Contents/Developer/usr/bin/make  -f CMakeFiles/cmTC_e63db.dir/build.make CMakeFiles/cmTC_e63db.dir/build
Building C object CMakeFiles/cmTC_e63db.dir/src.c.o
/Applications/Xcode.app/Contents/Developer/Toolchains/XcodeDefault.xctoolchain/usr/bin/cc -DIconv_IS_BUILT_IN  -fsigned-char -W -Wall -Wreturn-type -Wnon-virtual-dtor -Waddress -Wsequence-point -Wformat -Wformat-security -Wmissing-declarations -Wmissing-prototypes -Wstrict-prototypes -Wundef -Winit-self -Wpointer-arith -Wshadow -Wsign-promo -Wuninitialized -Wno-delete-non-virtual-dtor -Wno-unnamed-type-template-args -Wno-comment -fdiagnostics-show-option -Wno-long-long -Qunused-arguments -Wno-semicolon-before-method-body -ffunction-sections -fdata-sections  -fvisibility=hidden -fvisibility-inlines-hidden  -O3 -DNDEBUG  -DNDEBUG -arch x86_64 -isysroot /Applications/Xcode.app/Contents/Developer/Platforms/MacOSX.platform/Developer/SDKs/MacOSX13.1.sdk -fPIE -MD -MT CMakeFiles/cmTC_e63db.dir/src.c.o -MF CMakeFiles/cmTC_e63db.dir/src.c.o.d -o CMakeFiles/cmTC_e63db.dir/src.c.o -c /Users/leohsuinthehouse/Desktop/碩二上學期/Computer_Networks/project/Reference/OpenCV_c++/build/CMakeFiles/CMakeScratch/TryCompile-BrEuHk/src.c
Linking C executable cmTC_e63db
/usr/local/Cellar/cmake/3.25.1/bin/cmake -E cmake_link_script CMakeFiles/cmTC_e63db.dir/link.txt --verbose=1
/Applications/Xcode.app/Contents/Developer/Toolchains/XcodeDefault.xctoolchain/usr/bin/cc    -fsigned-char -W -Wall -Wreturn-type -Wnon-virtual-dtor -Waddress -Wsequence-point -Wformat -Wformat-security -Wmissing-declarations -Wmissing-prototypes -Wstrict-prototypes -Wundef -Winit-self -Wpointer-arith -Wshadow -Wsign-promo -Wuninitialized -Wno-delete-non-virtual-dtor -Wno-unnamed-type-template-args -Wno-comment -fdiagnostics-show-option -Wno-long-long -Qunused-arguments -Wno-semicolon-before-method-body -ffunction-sections -fdata-sections  -fvisibility=hidden -fvisibility-inlines-hidden  -O3 -DNDEBUG  -DNDEBUG -arch x86_64 -isysroot /Applications/Xcode.app/Contents/Developer/Platforms/MacOSX.platform/Developer/SDKs/MacOSX13.1.sdk -Wl,-search_paths_first -Wl,-headerpad_max_install_names   -Wl,-dead_strip  CMakeFiles/cmTC_e63db.dir/src.c.o -o cmTC_e63db 
Undefined symbols for architecture x86_64:
  "_iconv", referenced from:
      _main in src.c.o
  "_iconv_close", referenced from:
      _main in src.c.o
  "_iconv_open", referenced from:
      _main in src.c.o
ld: symbol(s) not found for architecture x86_64
clang: error: linker command failed with exit code 1 (use -v to see invocation)
make[1]: *** [cmTC_e63db] Error 1
make: *** [cmTC_e63db/fast] Error 2


Source file was:

      #include <stddef.h>
      #include <iconv.h>
      int main() {
        char *a, *b;
        size_t i, j;
        iconv_t ic;
        ic = iconv_open("to", "from");
        iconv(ic, &a, &i, &b, &j);
        iconv_close(ic);
      }
      

Determining if the CL_VERSION_3_0 exist failed with the following output:
Change Dir: /Users/leohsuinthehouse/Desktop/碩二上學期/Computer_Networks/project/Reference/OpenCV_c++/build/CMakeFiles/CMakeScratch/TryCompile-JagAh3

Run Build Command(s):/usr/bin/make -f Makefile cmTC_2edb8/fast && /Applications/Xcode.app/Contents/Developer/usr/bin/make  -f CMakeFiles/cmTC_2edb8.dir/build.make CMakeFiles/cmTC_2edb8.dir/build
Building C object CMakeFiles/cmTC_2edb8.dir/CheckSymbolExists.c.o
/Applications/Xcode.app/Contents/Developer/Toolchains/XcodeDefault.xctoolchain/usr/bin/cc  -F/Applications/Xcode.app/Contents/Developer/Platforms/MacOSX.platform/Developer/SDKs/MacOSX13.1.sdk/System/Library/Frameworks -fsigned-char -W -Wall -Wreturn-type -Wnon-virtual-dtor -Waddress -Wsequence-point -Wformat -Wformat-security -Wmissing-declarations -Wmissing-prototypes -Wstrict-prototypes -Wundef -Winit-self -Wpointer-arith -Wshadow -Wsign-promo -Wuninitialized -Wno-delete-non-virtual-dtor -Wno-unnamed-type-template-args -Wno-comment -fdiagnostics-show-option -Wno-long-long -Qunused-arguments -Wno-semicolon-before-method-body -ffunction-sections -fdata-sections  -fvisibility=hidden -fvisibility-inlines-hidden  -O3 -DNDEBUG  -DNDEBUG -arch x86_64 -isysroot /Applications/Xcode.app/Contents/Developer/Platforms/MacOSX.platform/Developer/SDKs/MacOSX13.1.sdk -fPIE -MD -MT CMakeFiles/cmTC_2edb8.dir/CheckSymbolExists.c.o -MF CMakeFiles/cmTC_2edb8.dir/CheckSymbolExists.c.o.d -o CMakeFiles/cmTC_2edb8.dir/CheckSymbolExists.c.o -c /Users/leohsuinthehouse/Desktop/碩二上學期/Computer_Networks/project/Reference/OpenCV_c++/build/CMakeFiles/CMakeScratch/TryCompile-JagAh3/CheckSymbolExists.c
/Users/leohsuinthehouse/Desktop/碩二上學期/Computer_Networks/project/Reference/OpenCV_c++/build/CMakeFiles/CMakeScratch/TryCompile-JagAh3/CheckSymbolExists.c:8:19: error: use of undeclared identifier 'CL_VERSION_3_0'
  return ((int*)(&CL_VERSION_3_0))[argc];
                  ^
1 error generated.
make[1]: *** [CMakeFiles/cmTC_2edb8.dir/CheckSymbolExists.c.o] Error 1
make: *** [cmTC_2edb8/fast] Error 2


File CheckSymbolExists.c:
/* */
#include </Applications/Xcode.app/Contents/Developer/Platforms/MacOSX.platform/Developer/SDKs/MacOSX13.1.sdk/System/Library/Frameworks/OpenCL.framework/Headers/cl.h>

int main(int argc, char** argv)
{
  (void)argv;
#ifndef CL_VERSION_3_0
  return ((int*)(&CL_VERSION_3_0))[argc];
#else
  (void)argc;
  return 0;
#endif
}
Determining if the CL_VERSION_2_2 exist failed with the following output:
Change Dir: /Users/leohsuinthehouse/Desktop/碩二上學期/Computer_Networks/project/Reference/OpenCV_c++/build/CMakeFiles/CMakeScratch/TryCompile-Alme70

Run Build Command(s):/usr/bin/make -f Makefile cmTC_5982f/fast && /Applications/Xcode.app/Contents/Developer/usr/bin/make  -f CMakeFiles/cmTC_5982f.dir/build.make CMakeFiles/cmTC_5982f.dir/build
Building C object CMakeFiles/cmTC_5982f.dir/CheckSymbolExists.c.o
/Applications/Xcode.app/Contents/Developer/Toolchains/XcodeDefault.xctoolchain/usr/bin/cc  -F/Applications/Xcode.app/Contents/Developer/Platforms/MacOSX.platform/Developer/SDKs/MacOSX13.1.sdk/System/Library/Frameworks -fsigned-char -W -Wall -Wreturn-type -Wnon-virtual-dtor -Waddress -Wsequence-point -Wformat -Wformat-security -Wmissing-declarations -Wmissing-prototypes -Wstrict-prototypes -Wundef -Winit-self -Wpointer-arith -Wshadow -Wsign-promo -Wuninitialized -Wno-delete-non-virtual-dtor -Wno-unnamed-type-template-args -Wno-comment -fdiagnostics-show-option -Wno-long-long -Qunused-arguments -Wno-semicolon-before-method-body -ffunction-sections -fdata-sections  -fvisibility=hidden -fvisibility-inlines-hidden  -O3 -DNDEBUG  -DNDEBUG -arch x86_64 -isysroot /Applications/Xcode.app/Contents/Developer/Platforms/MacOSX.platform/Developer/SDKs/MacOSX13.1.sdk -fPIE -MD -MT CMakeFiles/cmTC_5982f.dir/CheckSymbolExists.c.o -MF CMakeFiles/cmTC_5982f.dir/CheckSymbolExists.c.o.d -o CMakeFiles/cmTC_5982f.dir/CheckSymbolExists.c.o -c /Users/leohsuinthehouse/Desktop/碩二上學期/Computer_Networks/project/Reference/OpenCV_c++/build/CMakeFiles/CMakeScratch/TryCompile-Alme70/CheckSymbolExists.c
/Users/leohsuinthehouse/Desktop/碩二上學期/Computer_Networks/project/Reference/OpenCV_c++/build/CMakeFiles/CMakeScratch/TryCompile-Alme70/CheckSymbolExists.c:8:19: error: use of undeclared identifier 'CL_VERSION_2_2'
  return ((int*)(&CL_VERSION_2_2))[argc];
                  ^
1 error generated.
make[1]: *** [CMakeFiles/cmTC_5982f.dir/CheckSymbolExists.c.o] Error 1
make: *** [cmTC_5982f/fast] Error 2


File CheckSymbolExists.c:
/* */
#include </Applications/Xcode.app/Contents/Developer/Platforms/MacOSX.platform/Developer/SDKs/MacOSX13.1.sdk/System/Library/Frameworks/OpenCL.framework/Headers/cl.h>

int main(int argc, char** argv)
{
  (void)argv;
#ifndef CL_VERSION_2_2
  return ((int*)(&CL_VERSION_2_2))[argc];
#else
  (void)argc;
  return 0;
#endif
}
Determining if the CL_VERSION_2_1 exist failed with the following output:
Change Dir: /Users/leohsuinthehouse/Desktop/碩二上學期/Computer_Networks/project/Reference/OpenCV_c++/build/CMakeFiles/CMakeScratch/TryCompile-ztwUzF

Run Build Command(s):/usr/bin/make -f Makefile cmTC_be09f/fast && /Applications/Xcode.app/Contents/Developer/usr/bin/make  -f CMakeFiles/cmTC_be09f.dir/build.make CMakeFiles/cmTC_be09f.dir/build
Building C object CMakeFiles/cmTC_be09f.dir/CheckSymbolExists.c.o
/Applications/Xcode.app/Contents/Developer/Toolchains/XcodeDefault.xctoolchain/usr/bin/cc  -F/Applications/Xcode.app/Contents/Developer/Platforms/MacOSX.platform/Developer/SDKs/MacOSX13.1.sdk/System/Library/Frameworks -fsigned-char -W -Wall -Wreturn-type -Wnon-virtual-dtor -Waddress -Wsequence-point -Wformat -Wformat-security -Wmissing-declarations -Wmissing-prototypes -Wstrict-prototypes -Wundef -Winit-self -Wpointer-arith -Wshadow -Wsign-promo -Wuninitialized -Wno-delete-non-virtual-dtor -Wno-unnamed-type-template-args -Wno-comment -fdiagnostics-show-option -Wno-long-long -Qunused-arguments -Wno-semicolon-before-method-body -ffunction-sections -fdata-sections  -fvisibility=hidden -fvisibility-inlines-hidden  -O3 -DNDEBUG  -DNDEBUG -arch x86_64 -isysroot /Applications/Xcode.app/Contents/Developer/Platforms/MacOSX.platform/Developer/SDKs/MacOSX13.1.sdk -fPIE -MD -MT CMakeFiles/cmTC_be09f.dir/CheckSymbolExists.c.o -MF CMakeFiles/cmTC_be09f.dir/CheckSymbolExists.c.o.d -o CMakeFiles/cmTC_be09f.dir/CheckSymbolExists.c.o -c /Users/leohsuinthehouse/Desktop/碩二上學期/Computer_Networks/project/Reference/OpenCV_c++/build/CMakeFiles/CMakeScratch/TryCompile-ztwUzF/CheckSymbolExists.c
/Users/leohsuinthehouse/Desktop/碩二上學期/Computer_Networks/project/Reference/OpenCV_c++/build/CMakeFiles/CMakeScratch/TryCompile-ztwUzF/CheckSymbolExists.c:8:19: error: use of undeclared identifier 'CL_VERSION_2_1'
  return ((int*)(&CL_VERSION_2_1))[argc];
                  ^
1 error generated.
make[1]: *** [CMakeFiles/cmTC_be09f.dir/CheckSymbolExists.c.o] Error 1
make: *** [cmTC_be09f/fast] Error 2


File CheckSymbolExists.c:
/* */
#include </Applications/Xcode.app/Contents/Developer/Platforms/MacOSX.platform/Developer/SDKs/MacOSX13.1.sdk/System/Library/Frameworks/OpenCL.framework/Headers/cl.h>

int main(int argc, char** argv)
{
  (void)argv;
#ifndef CL_VERSION_2_1
  return ((int*)(&CL_VERSION_2_1))[argc];
#else
  (void)argc;
  return 0;
#endif
}
Determining if the CL_VERSION_2_0 exist failed with the following output:
Change Dir: /Users/leohsuinthehouse/Desktop/碩二上學期/Computer_Networks/project/Reference/OpenCV_c++/build/CMakeFiles/CMakeScratch/TryCompile-pLeRLY

Run Build Command(s):/usr/bin/make -f Makefile cmTC_8d0a6/fast && /Applications/Xcode.app/Contents/Developer/usr/bin/make  -f CMakeFiles/cmTC_8d0a6.dir/build.make CMakeFiles/cmTC_8d0a6.dir/build
Building C object CMakeFiles/cmTC_8d0a6.dir/CheckSymbolExists.c.o
/Applications/Xcode.app/Contents/Developer/Toolchains/XcodeDefault.xctoolchain/usr/bin/cc  -F/Applications/Xcode.app/Contents/Developer/Platforms/MacOSX.platform/Developer/SDKs/MacOSX13.1.sdk/System/Library/Frameworks -fsigned-char -W -Wall -Wreturn-type -Wnon-virtual-dtor -Waddress -Wsequence-point -Wformat -Wformat-security -Wmissing-declarations -Wmissing-prototypes -Wstrict-prototypes -Wundef -Winit-self -Wpointer-arith -Wshadow -Wsign-promo -Wuninitialized -Wno-delete-non-virtual-dtor -Wno-unnamed-type-template-args -Wno-comment -fdiagnostics-show-option -Wno-long-long -Qunused-arguments -Wno-semicolon-before-method-body -ffunction-sections -fdata-sections  -fvisibility=hidden -fvisibility-inlines-hidden  -O3 -DNDEBUG  -DNDEBUG -arch x86_64 -isysroot /Applications/Xcode.app/Contents/Developer/Platforms/MacOSX.platform/Developer/SDKs/MacOSX13.1.sdk -fPIE -MD -MT CMakeFiles/cmTC_8d0a6.dir/CheckSymbolExists.c.o -MF CMakeFiles/cmTC_8d0a6.dir/CheckSymbolExists.c.o.d -o CMakeFiles/cmTC_8d0a6.dir/CheckSymbolExists.c.o -c /Users/leohsuinthehouse/Desktop/碩二上學期/Computer_Networks/project/Reference/OpenCV_c++/build/CMakeFiles/CMakeScratch/TryCompile-pLeRLY/CheckSymbolExists.c
/Users/leohsuinthehouse/Desktop/碩二上學期/Computer_Networks/project/Reference/OpenCV_c++/build/CMakeFiles/CMakeScratch/TryCompile-pLeRLY/CheckSymbolExists.c:8:19: error: use of undeclared identifier 'CL_VERSION_2_0'
  return ((int*)(&CL_VERSION_2_0))[argc];
                  ^
1 error generated.
make[1]: *** [CMakeFiles/cmTC_8d0a6.dir/CheckSymbolExists.c.o] Error 1
make: *** [cmTC_8d0a6/fast] Error 2


File CheckSymbolExists.c:
/* */
#include </Applications/Xcode.app/Contents/Developer/Platforms/MacOSX.platform/Developer/SDKs/MacOSX13.1.sdk/System/Library/Frameworks/OpenCL.framework/Headers/cl.h>

int main(int argc, char** argv)
{
  (void)argv;
#ifndef CL_VERSION_2_0
  return ((int*)(&CL_VERSION_2_0))[argc];
#else
  (void)argc;
  return 0;
#endif
}
